Using pre-set license
Built from '2021.3/staging' branch; Version is '2021.3.30f1 (b4360d7cdac4) revision 11810317'; Using compiler version '192829333'; Build Type 'Release'
OS: 'Windows 11  (10.0.22621) 64bit Core' Language: 'zh' Physical Memory: 12170 MB
BatchMode: 1, IsHumanControllingUs: 0, StartBugReporterOnCrash: 0, Is64bit: 1, IsPro: 1

COMMAND LINE ARGUMENTS:
C:\Program Files\Unity\Hub\Editor\Unity 2021.3.30f1\Editor\Unity.exe
-adb2
-batchMode
-noUpm
-name
AssetImportWorker6
-projectPath
D:/stepbystep/NUCE6/NCUE專題
-logFile
Logs/AssetImportWorker6.log
-srvPort
52134
Successfully changed project path to: D:/stepbystep/NUCE6/NCUE專題
D:/stepbystep/NUCE6/NCUE專題
[UnityMemory] Configuration Parameters - Can be set up in boot.config
    "memorysetup-bucket-allocator-granularity=16"
    "memorysetup-bucket-allocator-bucket-count=8"
    "memorysetup-bucket-allocator-block-size=33554432"
    "memorysetup-bucket-allocator-block-count=8"
    "memorysetup-main-allocator-block-size=16777216"
    "memorysetup-thread-allocator-block-size=16777216"
    "memorysetup-gfx-main-allocator-block-size=16777216"
    "memorysetup-gfx-thread-allocator-block-size=16777216"
    "memorysetup-cache-allocator-block-size=4194304"
    "memorysetup-typetree-allocator-block-size=2097152"
    "memorysetup-profiler-bucket-allocator-granularity=16"
    "memorysetup-profiler-bucket-allocator-bucket-count=8"
    "memorysetup-profiler-bucket-allocator-block-size=33554432"
    "memorysetup-profiler-bucket-allocator-block-count=8"
    "memorysetup-profiler-allocator-block-size=16777216"
    "memorysetup-profiler-editor-allocator-block-size=1048576"
    "memorysetup-temp-allocator-size-main=16777216"
    "memorysetup-job-temp-allocator-block-size=2097152"
    "memorysetup-job-temp-allocator-block-size-background=1048576"
    "memorysetup-job-temp-allocator-reduction-small-platforms=262144"
    "memorysetup-temp-allocator-size-background-worker=32768"
    "memorysetup-temp-allocator-size-job-worker=262144"
    "memorysetup-temp-allocator-size-preload-manager=33554432"
    "memorysetup-temp-allocator-size-nav-mesh-worker=65536"
    "memorysetup-temp-allocator-size-audio-worker=65536"
    "memorysetup-temp-allocator-size-cloud-worker=32768"
    "memorysetup-temp-allocator-size-gi-baking-worker=262144"
    "memorysetup-temp-allocator-size-gfx=262144"
Player connection [32096] Host "[IP] 192.168.255.34 [Port] 0 [Flags] 2 [Guid] 2924114603 [EditorId] 2924114603 [Version] 1048832 [Id] WindowsEditor(7,tsenghome) [Debug] 1 [PackageName] WindowsEditor [ProjectName] Editor" joined multi-casting on [225.0.0.222:54997]...

Player connection [32096] Host "[IP] 192.168.255.34 [Port] 0 [Flags] 2 [Guid] 2924114603 [EditorId] 2924114603 [Version] 1048832 [Id] WindowsEditor(7,tsenghome) [Debug] 1 [PackageName] WindowsEditor [ProjectName] Editor" joined alternative multi-casting on [225.0.0.222:34997]...

[Physics::Module] Initialized MultithreadedJobDispatcher with {0} workers.
Refreshing native plugins compatible for Editor in 229.39 ms, found 17 plugins.
Preloading 0 native plugins for Editor in 0.00 ms.
Initialize engine version: 2021.3.30f1 (b4360d7cdac4)
[Subsystems] Discovering subsystems at path C:/Program Files/Unity/Hub/Editor/Unity 2021.3.30f1/Editor/Data/Resources/UnitySubsystems
[Subsystems] Discovering subsystems at path D:/stepbystep/NUCE6/NCUE專題/Assets
GfxDevice: creating device client; threaded=0; jobified=0
Direct3D:
    Version:  Direct3D 11.0 [level 11.1]
    Renderer: NVIDIA GeForce MX150 (ID=0x1d10)
    Vendor:   NVIDIA
    VRAM:     1983 MB
    Driver:   30.0.15.1169
Initialize mono
Mono path[0] = 'C:/Program Files/Unity/Hub/Editor/Unity 2021.3.30f1/Editor/Data/Managed'
Mono path[1] = 'C:/Program Files/Unity/Hub/Editor/Unity 2021.3.30f1/Editor/Data/MonoBleedingEdge/lib/mono/unityjit-win32'
Mono config path = 'C:/Program Files/Unity/Hub/Editor/Unity 2021.3.30f1/Editor/Data/MonoBleedingEdge/etc'
Using monoOptions --debugger-agent=transport=dt_socket,embedding=1,server=y,suspend=n,address=127.0.0.1:56124
Begin MonoManager ReloadAssembly
Registering precompiled unity dll's ...
Register platform support module: C:/Program Files/Unity/Hub/Editor/Unity 2021.3.30f1/Editor/Data/PlaybackEngines/AndroidPlayer/UnityEditor.Android.Extensions.dll
Register platform support module: C:/Program Files/Unity/Hub/Editor/Unity 2021.3.30f1/Editor/Data/PlaybackEngines/WindowsStandaloneSupport/UnityEditor.WindowsStandalone.Extensions.dll
Registered in 0.014021 seconds.
Native extension for WindowsStandalone target not found
Native extension for Android target not found
Refreshing native plugins compatible for Editor in 94.21 ms, found 17 plugins.
Preloading 0 native plugins for Editor in 0.00 ms.
Mono: successfully reloaded assembly
- Completed reload, in  1.268 seconds
Domain Reload Profiling:
	ReloadAssembly (1269ms)
		BeginReloadAssembly (230ms)
			ExecutionOrderSort (0ms)
			DisableScriptedObjects (0ms)
			BackupInstance (0ms)
			ReleaseScriptingObjects (0ms)
			CreateAndSetChildDomain (2ms)
		EndReloadAssembly (830ms)
			LoadAssemblies (225ms)
			RebuildTransferFunctionScriptingTraits (0ms)
			SetupTypeCache (194ms)
			ReleaseScriptCaches (0ms)
			RebuildScriptCaches (46ms)
			SetupLoadedEditorAssemblies (516ms)
				LogAssemblyErrors (0ms)
				InitializePlatformSupportModulesInManaged (135ms)
				SetLoadedEditorAssemblies (0ms)
				RefreshPlugins (94ms)
				BeforeProcessingInitializeOnLoad (2ms)
				ProcessInitializeOnLoadAttributes (167ms)
				ProcessInitializeOnLoadMethodAttributes (117ms)
				AfterProcessingInitializeOnLoad (0ms)
				EditorAssembliesLoaded (0ms)
			ExecutionOrderSort2 (0ms)
			AwakeInstancesAfterBackupRestoration (0ms)
Platform modules already initialized, skipping
Registering precompiled user dll's ...
Registered in 0.039185 seconds.
Begin MonoManager ReloadAssembly
Symbol file LoadedFromMemory is not a mono symbol file
Symbol file LoadedFromMemory is not a mono symbol file
Symbol file LoadedFromMemory is not a mono symbol file
Native extension for WindowsStandalone target not found
Native extension for Android target not found
Refreshing native plugins compatible for Editor in 2.18 ms, found 17 plugins.
Preloading 0 native plugins for Editor in 0.00 ms.
Package Manager log level set to [2]
[Package Manager] Server::EnsureServerProcessIsRunning -- launch failed, reason: Unity was launched with the -noUpm command-line argument
[Package Manager] Cannot connect to Unity Package Manager local server
Mono: successfully reloaded assembly
- Completed reload, in  2.971 seconds
Domain Reload Profiling:
	ReloadAssembly (2973ms)
		BeginReloadAssembly (201ms)
			ExecutionOrderSort (0ms)
			DisableScriptedObjects (9ms)
			BackupInstance (0ms)
			ReleaseScriptingObjects (0ms)
			CreateAndSetChildDomain (27ms)
		EndReloadAssembly (2514ms)
			LoadAssemblies (211ms)
			RebuildTransferFunctionScriptingTraits (0ms)
			SetupTypeCache (505ms)
			ReleaseScriptCaches (1ms)
			RebuildScriptCaches (158ms)
			SetupLoadedEditorAssemblies (1529ms)
				LogAssemblyErrors (0ms)
				InitializePlatformSupportModulesInManaged (37ms)
				SetLoadedEditorAssemblies (1ms)
				RefreshPlugins (2ms)
				BeforeProcessingInitializeOnLoad (122ms)
				ProcessInitializeOnLoadAttributes (1306ms)
				ProcessInitializeOnLoadMethodAttributes (42ms)
				AfterProcessingInitializeOnLoad (17ms)
				EditorAssembliesLoaded (0ms)
			ExecutionOrderSort2 (0ms)
			AwakeInstancesAfterBackupRestoration (20ms)
Platform modules already initialized, skipping
========================================================================
Worker process is ready to serve import requests
Launched and connected shader compiler UnityShaderCompiler.exe after 0.13 seconds
Refreshing native plugins compatible for Editor in 3.03 ms, found 17 plugins.
Preloading 0 native plugins for Editor in 0.00 ms.
Unloading 3192 Unused Serialized files (Serialized files now loaded: 0)
Unloading 311 unused Assets / (69.4 KB). Loaded Objects now: 3421.
Memory consumption went from 213.5 MB to 213.4 MB.
Total: 9.145800 ms (FindLiveObjects: 2.191200 ms CreateObjectMapping: 0.639500 ms MarkObjects: 6.062900 ms  DeleteObjects: 0.250600 ms)

AssetImportParameters requested are different than current active one (requested -> active):
  custom:video-decoder-ogg-theora: a1e56fd34408186e4bbccfd4996cb3dc -> 
  custom:container-muxer-webm: aa71ff27fc2769a1b78a27578f13a17b -> 
  custom:container-demuxer-webm: 4f35f7cbe854078d1ac9338744f61a02 -> 
  custom:video-encoder-webm-vp8: eb34c28f22e8b96e1ab97ce403110664 -> 
  custom:CustomObjectIndexerAttribute: bc11b3a6c3213fcdd17b65e7da85e133 -> 
  custom:audio-encoder-webm-vorbis: bf7c407c2cedff20999df2af8eb42d56 -> 
  custom:framework-win-MediaFoundation: 216162199b28c13a410421893ffa2e32 -> 
  custom:SearchIndexIgnoredProperties: e643bd26f0fe6173181afceb89e7c659 -> 
  custom:container-demuxer-ogg: 62fdf1f143b41e24485cea50d1cbac27 -> 
  custom:video-decoder-webm-vp8: 9c59270c3fd7afecdb556c50c9e8de78 -> 
  custom:audio-decoder-ogg-vorbis: bf7c407c2cedff20999df2af8eb42d56 -> 
========================================================================
Received Import Request.
  Time since last request: 1050282.525171 seconds.
  path: Assets/YILING/Scenes_ui/5_Camera.unity
  artifactKey: Guid(66afb028b97e17243ac958112fc31917) Importer(815301076,1909f56bfc062723c751e8b465ee728b)
Number of updated assets reloaded before import = 0
Start importing Assets/YILING/Scenes_ui/5_Camera.unity using Guid(66afb028b97e17243ac958112fc31917) Importer(815301076,1909f56bfc062723c751e8b465ee728b)  -> (artifact id: 'a3559bc825f5d0e30134e370ab582772') in 0.016017 seconds 
Number of asset objects unloaded after import = 0
========================================================================
Received Import Request.
  Time since last request: 212.014987 seconds.
  path: Assets/YUYING/scene/CameraToPlayGame.unity
  artifactKey: Guid(f55b56f356e2f444f8d8ecdc8f93f850) Importer(815301076,1909f56bfc062723c751e8b465ee728b)
Number of updated assets reloaded before import = 0
Start importing Assets/YUYING/scene/CameraToPlayGame.unity using Guid(f55b56f356e2f444f8d8ecdc8f93f850) Importer(815301076,1909f56bfc062723c751e8b465ee728b)  -> (artifact id: '7a2e1c7c251051f00d49614917b95905') in 0.002211 seconds 
Number of asset objects unloaded after import = 0
========================================================================
Received Import Request.
  Time since last request: 60.209386 seconds.
  path: Assets/YILING/Scenes_ui/1_Home.unity
  artifactKey: Guid(0559d24e96bc3f54792a6a4900191c66) Importer(815301076,1909f56bfc062723c751e8b465ee728b)
Number of updated assets reloaded before import = 0
Start importing Assets/YILING/Scenes_ui/1_Home.unity using Guid(0559d24e96bc3f54792a6a4900191c66) Importer(815301076,1909f56bfc062723c751e8b465ee728b)  -> (artifact id: '32599160f41c3d3ce2ccfc417754057f') in 0.002025 seconds 
Number of asset objects unloaded after import = 0
========================================================================
Received Import Request.
  Time since last request: 20.471109 seconds.
  path: Assets/YILING/Scenes_ui/1_Home_or.unity
  artifactKey: Guid(0559d24e96bc3f54792a6a4900191c66) Importer(815301076,1909f56bfc062723c751e8b465ee728b)
Number of updated assets reloaded before import = 0
Start importing Assets/YILING/Scenes_ui/1_Home_or.unity using Guid(0559d24e96bc3f54792a6a4900191c66) Importer(815301076,1909f56bfc062723c751e8b465ee728b)  -> (artifact id: '43a8853aaea09fb048a80164b6814890') in 0.002628 seconds 
Number of asset objects unloaded after import = 0
========================================================================
Received Import Request.
  Time since last request: 93.121755 seconds.
  path: Assets/RUFEN/scene/aichat/chat.unity
  artifactKey: Guid(098033bb0aa292846ab7654fd858019d) Importer(815301076,1909f56bfc062723c751e8b465ee728b)
Number of updated assets reloaded before import = 0
Start importing Assets/RUFEN/scene/aichat/chat.unity using Guid(098033bb0aa292846ab7654fd858019d) Importer(815301076,1909f56bfc062723c751e8b465ee728b)  -> (artifact id: '6a3d393223a25c1c69a939910a7f6dcf') in 0.004783 seconds 
Number of asset objects unloaded after import = 0
========================================================================
Received Import Request.
  Time since last request: 33.236100 seconds.
  path: Assets/YUYING/scene/1_Home.unity
  artifactKey: Guid(cefd90c99deffad40a49d67e75ca8879) Importer(815301076,1909f56bfc062723c751e8b465ee728b)
Number of updated assets reloaded before import = 0
Start importing Assets/YUYING/scene/1_Home.unity using Guid(cefd90c99deffad40a49d67e75ca8879) Importer(815301076,1909f56bfc062723c751e8b465ee728b)  -> (artifact id: '9729909f169be38ccf78fab622c4db56') in 0.002576 seconds 
Number of asset objects unloaded after import = 0
========================================================================
Received Import Request.
  Time since last request: 14.671417 seconds.
  path: Assets/RUFEN/scene/aichat/chat.unity
  artifactKey: Guid(098033bb0aa292846ab7654fd858019d) Importer(815301076,1909f56bfc062723c751e8b465ee728b)
Number of updated assets reloaded before import = 0
Start importing Assets/RUFEN/scene/aichat/chat.unity using Guid(098033bb0aa292846ab7654fd858019d) Importer(815301076,1909f56bfc062723c751e8b465ee728b)  -> (artifact id: '8a28325029bc79b2b471a137636da334') in 0.002139 seconds 
Number of asset objects unloaded after import = 0
========================================================================
Received Import Request.
  Time since last request: 162.914748 seconds.
  path: Assets/YICHIUN/Scenes/6_ZoomableMap/ZoomableMap.unity
  artifactKey: Guid(cd1506f182a47064485715b8ad10ea1d) Importer(815301076,1909f56bfc062723c751e8b465ee728b)
Number of updated assets reloaded before import = 0
Start importing Assets/YICHIUN/Scenes/6_ZoomableMap/ZoomableMap.unity using Guid(cd1506f182a47064485715b8ad10ea1d) Importer(815301076,1909f56bfc062723c751e8b465ee728b)  -> (artifact id: '52f40ed264781cea5a8dd598a728a6ab') in 0.003786 seconds 
Number of asset objects unloaded after import = 0
========================================================================
Received Import Request.
  Time since last request: 82.904187 seconds.
  path: Assets/RUFEN/scene/aichat/chat.unity
  artifactKey: Guid(098033bb0aa292846ab7654fd858019d) Importer(815301076,1909f56bfc062723c751e8b465ee728b)
Number of updated assets reloaded before import = 0
Start importing Assets/RUFEN/scene/aichat/chat.unity using Guid(098033bb0aa292846ab7654fd858019d) Importer(815301076,1909f56bfc062723c751e8b465ee728b)  -> (artifact id: '15d14c8d2ed7a0608643e96cadcfd3a7') in 0.001604 seconds 
Number of asset objects unloaded after import = 0
========================================================================
Received Import Request.
  Time since last request: 75.910665 seconds.
  path: Assets/YUYING/scene/1_Home.unity
  artifactKey: Guid(cefd90c99deffad40a49d67e75ca8879) Importer(815301076,1909f56bfc062723c751e8b465ee728b)
Number of updated assets reloaded before import = 0
Start importing Assets/YUYING/scene/1_Home.unity using Guid(cefd90c99deffad40a49d67e75ca8879) Importer(815301076,1909f56bfc062723c751e8b465ee728b)  -> (artifact id: 'd1e98cd1f25a27e39478db07fde2c736') in 0.001927 seconds 
Number of asset objects unloaded after import = 0
========================================================================
Received Import Request.
  Time since last request: 22.134490 seconds.
  path: Assets/YILING/Scenes_ui/6_0Profile.unity
  artifactKey: Guid(03a2cb5d6f1a21849ba4192d9e96de85) Importer(815301076,1909f56bfc062723c751e8b465ee728b)
Number of updated assets reloaded before import = 0
Start importing Assets/YILING/Scenes_ui/6_0Profile.unity using Guid(03a2cb5d6f1a21849ba4192d9e96de85) Importer(815301076,1909f56bfc062723c751e8b465ee728b)  -> (artifact id: '80885d9ef2bbd44c1a99cefff8cf3e18') in 0.001782 seconds 
Number of asset objects unloaded after import = 0
========================================================================
Received Import Request.
  Time since last request: 454.744204 seconds.
  path: Assets/acc.cs
  artifactKey: Guid(13ca4da25a08f054184c5b04493f5699) Importer(815301076,1909f56bfc062723c751e8b465ee728b)
Number of updated assets reloaded before import = 0
Start importing Assets/acc.cs using Guid(13ca4da25a08f054184c5b04493f5699) Importer(815301076,1909f56bfc062723c751e8b465ee728b)  -> (artifact id: 'a761106a56b1eecc85c78e326866bed3') in 0.045670 seconds 
Number of asset objects unloaded after import = 0
========================================================================
Received Import Request.
  Time since last request: 0.829983 seconds.
  path: Assets/ApiKeyManager.cs
  artifactKey: Guid(19ac875623b4df641ab2ff0860db52f5) Importer(815301076,1909f56bfc062723c751e8b465ee728b)
Number of updated assets reloaded before import = 0
Start importing Assets/ApiKeyManager.cs using Guid(19ac875623b4df641ab2ff0860db52f5) Importer(815301076,1909f56bfc062723c751e8b465ee728b)  -> (artifact id: '4c34d4a1d3090730a9079bcb05818513') in 0.002530 seconds 
Number of asset objects unloaded after import = 0
========================================================================
Received Import Request.
  Time since last request: 52.968340 seconds.
  path: Assets/pedometer.cs
  artifactKey: Guid(b38c4279dfd755b4c9d615e7e69ac9fd) Importer(815301076,1909f56bfc062723c751e8b465ee728b)
Number of updated assets reloaded before import = 0
Start importing Assets/pedometer.cs using Guid(b38c4279dfd755b4c9d615e7e69ac9fd) Importer(815301076,1909f56bfc062723c751e8b465ee728b)  -> (artifact id: '2d8eb7848d5e3429ef79fdc8cbb89ed6') in 0.003279 seconds 
Number of asset objects unloaded after import = 0
========================================================================
Received Import Request.
  Time since last request: 67.238826 seconds.
  path: Assets/StepbyStep
  artifactKey: Guid(e19adda2e98dd3c4aaee76722b04b6c2) Importer(815301076,1909f56bfc062723c751e8b465ee728b)
Number of updated assets reloaded before import = 0
Start importing Assets/StepbyStep using Guid(e19adda2e98dd3c4aaee76722b04b6c2) Importer(815301076,1909f56bfc062723c751e8b465ee728b)  -> (artifact id: '893b2a3bb9da33d57635468701ed09ba') in 0.002294 seconds 
Number of asset objects unloaded after import = 0
========================================================================
Received Import Request.
  Time since last request: 2.030815 seconds.
  path: Assets/StepbyStep/Custom2023926_231236.png
  artifactKey: Guid(98f7a2599150db247b543567e4cb8ce8) Importer(815301076,1909f56bfc062723c751e8b465ee728b)
Number of updated assets reloaded before import = 0
Start importing Assets/StepbyStep/Custom2023926_231236.png using Guid(98f7a2599150db247b543567e4cb8ce8) Importer(815301076,1909f56bfc062723c751e8b465ee728b)  -> (artifact id: 'f1cfa3130e8561406ce8c6dbeba23f0f') in 0.111754 seconds 
Number of asset objects unloaded after import = 2
========================================================================
Received Import Request.
  Time since last request: 9.788322 seconds.
  path: Assets/Scenes
  artifactKey: Guid(5444cf56ab9f35e46bd77fcbea9c8e8b) Importer(815301076,1909f56bfc062723c751e8b465ee728b)
Number of updated assets reloaded before import = 0
Start importing Assets/Scenes using Guid(5444cf56ab9f35e46bd77fcbea9c8e8b) Importer(815301076,1909f56bfc062723c751e8b465ee728b)  -> (artifact id: 'c302a16c49651afa58c939fa38621c2d') in 0.002400 seconds 
Number of asset objects unloaded after import = 0
========================================================================
Received Import Request.
  Time since last request: 210.400086 seconds.
  path: Assets/YILING/Step
  artifactKey: Guid(6a0c9cafce7bd32418d5fee99264fd2c) Importer(815301076,1909f56bfc062723c751e8b465ee728b)
Number of updated assets reloaded before import = 0
Start importing Assets/YILING/Step using Guid(6a0c9cafce7bd32418d5fee99264fd2c) Importer(815301076,1909f56bfc062723c751e8b465ee728b)  -> (artifact id: '4d0c2e6001fc76a1b643c97fbda2ef6e') in 0.002967 seconds 
Number of asset objects unloaded after import = 0
========================================================================
Received Import Request.
  Time since last request: 1.003705 seconds.
  path: Assets/YILING/Step/Scenes
  artifactKey: Guid(442b93ee1607d204c84359739516753a) Importer(815301076,1909f56bfc062723c751e8b465ee728b)
Number of updated assets reloaded before import = 0
Start importing Assets/YILING/Step/Scenes using Guid(442b93ee1607d204c84359739516753a) Importer(815301076,1909f56bfc062723c751e8b465ee728b)  -> (artifact id: 'f1f07698b219d25394cea69b7d938bbb') in 0.001723 seconds 
Number of asset objects unloaded after import = 0
========================================================================
Received Import Request.
  Time since last request: 57.093651 seconds.
  path: Assets/Scenes/SampleScene.unity
  artifactKey: Guid(9fc0d4010bbf28b4594072e72b8655ab) Importer(815301076,1909f56bfc062723c751e8b465ee728b)
Number of updated assets reloaded before import = 0
Start importing Assets/Scenes/SampleScene.unity using Guid(9fc0d4010bbf28b4594072e72b8655ab) Importer(815301076,1909f56bfc062723c751e8b465ee728b)  -> (artifact id: 'a9597285b996fc6d013b32e8086f42ae') in 0.002110 seconds 
Number of asset objects unloaded after import = 0
========================================================================
Received Import Request.
  Time since last request: 105.787424 seconds.
  path: Assets/YILING/Scenes/SampleScene.unity
  artifactKey: Guid(9fc0d4010bbf28b4594072e72b8655ab) Importer(815301076,1909f56bfc062723c751e8b465ee728b)
Number of updated assets reloaded before import = 0
Start importing Assets/YILING/Scenes/SampleScene.unity using Guid(9fc0d4010bbf28b4594072e72b8655ab) Importer(815301076,1909f56bfc062723c751e8b465ee728b)  -> (artifact id: '0f336576116f3ac05e8d1b0ea33176fb') in 0.001537 seconds 
Number of asset objects unloaded after import = 0
========================================================================
Received Import Request.
  Time since last request: 13.079966 seconds.
  path: Assets/status.prefab
  artifactKey: Guid(8ac41d4c584494f49b973a0ee71f1ec4) Importer(815301076,1909f56bfc062723c751e8b465ee728b)
Number of updated assets reloaded before import = 0
Start importing Assets/status.prefab using Guid(8ac41d4c584494f49b973a0ee71f1ec4) Importer(815301076,1909f56bfc062723c751e8b465ee728b)  -> (artifact id: '4ddb7feda4bb99fb7901ab83f41ba598') in 0.041260 seconds 
Number of asset objects unloaded after import = 9
========================================================================
Received Import Request.
  Time since last request: 26.243008 seconds.
  path: Assets/YILING/Scenes_ui/6_0Profile.unity
  artifactKey: Guid(03a2cb5d6f1a21849ba4192d9e96de85) Importer(815301076,1909f56bfc062723c751e8b465ee728b)
Number of updated assets reloaded before import = 0
Start importing Assets/YILING/Scenes_ui/6_0Profile.unity using Guid(03a2cb5d6f1a21849ba4192d9e96de85) Importer(815301076,1909f56bfc062723c751e8b465ee728b)  -> (artifact id: 'fb1779ead6f18ccda005d324cc70b821') in 0.001919 seconds 
Number of asset objects unloaded after import = 0
