Using pre-set license
Built from '2021.3/staging' branch; Version is '2021.3.30f1 (b4360d7cdac4) revision 11810317'; Using compiler version '192829333'; Build Type 'Release'
OS: 'Windows 11  (10.0.22621) 64bit Core' Language: 'zh' Physical Memory: 12170 MB
BatchMode: 1, IsHumanControllingUs: 0, StartBugReporterOnCrash: 0, Is64bit: 1, IsPro: 1

COMMAND LINE ARGUMENTS:
C:\Program Files\Unity 2021.3.30f1\Editor\Unity.exe
-adb2
-batchMode
-noUpm
-name
AssetImportWorker2
-projectPath
D:/stepbystep/NUCE6/NCUE專題
-logFile
Logs/AssetImportWorker2.log
-srvPort
65191
Successfully changed project path to: D:/stepbystep/NUCE6/NCUE專題
D:/stepbystep/NUCE6/NCUE專題
[UnityMemory] Configuration Parameters - Can be set up in boot.config
    "memorysetup-bucket-allocator-granularity=16"
    "memorysetup-bucket-allocator-bucket-count=8"
    "memorysetup-bucket-allocator-block-size=33554432"
    "memorysetup-bucket-allocator-block-count=8"
    "memorysetup-main-allocator-block-size=16777216"
    "memorysetup-thread-allocator-block-size=16777216"
    "memorysetup-gfx-main-allocator-block-size=16777216"
    "memorysetup-gfx-thread-allocator-block-size=16777216"
    "memorysetup-cache-allocator-block-size=4194304"
    "memorysetup-typetree-allocator-block-size=2097152"
    "memorysetup-profiler-bucket-allocator-granularity=16"
    "memorysetup-profiler-bucket-allocator-bucket-count=8"
    "memorysetup-profiler-bucket-allocator-block-size=33554432"
    "memorysetup-profiler-bucket-allocator-block-count=8"
    "memorysetup-profiler-allocator-block-size=16777216"
    "memorysetup-profiler-editor-allocator-block-size=1048576"
    "memorysetup-temp-allocator-size-main=16777216"
    "memorysetup-job-temp-allocator-block-size=2097152"
    "memorysetup-job-temp-allocator-block-size-background=1048576"
    "memorysetup-job-temp-allocator-reduction-small-platforms=262144"
    "memorysetup-temp-allocator-size-background-worker=32768"
    "memorysetup-temp-allocator-size-job-worker=262144"
    "memorysetup-temp-allocator-size-preload-manager=33554432"
    "memorysetup-temp-allocator-size-nav-mesh-worker=65536"
    "memorysetup-temp-allocator-size-audio-worker=65536"
    "memorysetup-temp-allocator-size-cloud-worker=32768"
    "memorysetup-temp-allocator-size-gi-baking-worker=262144"
    "memorysetup-temp-allocator-size-gfx=262144"
Player connection [9448] Host "[IP] 192.168.1.100 [Port] 0 [Flags] 2 [Guid] 1919883023 [EditorId] 1919883023 [Version] 1048832 [Id] WindowsEditor(7,tsenghome) [Debug] 1 [PackageName] WindowsEditor [ProjectName] Editor" joined multi-casting on [225.0.0.222:54997]...

Player connection [9448] Host "[IP] 192.168.1.100 [Port] 0 [Flags] 2 [Guid] 1919883023 [EditorId] 1919883023 [Version] 1048832 [Id] WindowsEditor(7,tsenghome) [Debug] 1 [PackageName] WindowsEditor [ProjectName] Editor" joined alternative multi-casting on [225.0.0.222:34997]...

[Physics::Module] Initialized MultithreadedJobDispatcher with {0} workers.
Refreshing native plugins compatible for Editor in 391.28 ms, found 17 plugins.
Preloading 0 native plugins for Editor in 0.00 ms.
Initialize engine version: 2021.3.30f1 (b4360d7cdac4)
[Subsystems] Discovering subsystems at path C:/Program Files/Unity 2021.3.30f1/Editor/Data/Resources/UnitySubsystems
[Subsystems] Discovering subsystems at path D:/stepbystep/NUCE6/NCUE專題/Assets
GfxDevice: creating device client; threaded=0; jobified=0
Direct3D:
    Version:  Direct3D 11.0 [level 11.1]
    Renderer: NVIDIA GeForce MX150 (ID=0x1d10)
    Vendor:   NVIDIA
    VRAM:     1983 MB
    Driver:   30.0.15.1169
Initialize mono
Mono path[0] = 'C:/Program Files/Unity 2021.3.30f1/Editor/Data/Managed'
Mono path[1] = 'C:/Program Files/Unity 2021.3.30f1/Editor/Data/MonoBleedingEdge/lib/mono/unityjit-win32'
Mono config path = 'C:/Program Files/Unity 2021.3.30f1/Editor/Data/MonoBleedingEdge/etc'
Using monoOptions --debugger-agent=transport=dt_socket,embedding=1,server=y,suspend=n,address=127.0.0.1:56740
Begin MonoManager ReloadAssembly
Registering precompiled unity dll's ...
Register platform support module: C:/Program Files/Unity 2021.3.30f1/Editor/Data/PlaybackEngines/WindowsStandaloneSupport/UnityEditor.WindowsStandalone.Extensions.dll
Registered in 0.010100 seconds.
Native extension for WindowsStandalone target not found
Refreshing native plugins compatible for Editor in 81.72 ms, found 17 plugins.
Preloading 0 native plugins for Editor in 0.00 ms.
Mono: successfully reloaded assembly
- Completed reload, in  1.092 seconds
Domain Reload Profiling:
	ReloadAssembly (1093ms)
		BeginReloadAssembly (169ms)
			ExecutionOrderSort (0ms)
			DisableScriptedObjects (0ms)
			BackupInstance (0ms)
			ReleaseScriptingObjects (0ms)
			CreateAndSetChildDomain (1ms)
		EndReloadAssembly (746ms)
			LoadAssemblies (163ms)
			RebuildTransferFunctionScriptingTraits (0ms)
			SetupTypeCache (261ms)
			ReleaseScriptCaches (0ms)
			RebuildScriptCaches (41ms)
			SetupLoadedEditorAssemblies (365ms)
				LogAssemblyErrors (0ms)
				InitializePlatformSupportModulesInManaged (14ms)
				SetLoadedEditorAssemblies (0ms)
				RefreshPlugins (82ms)
				BeforeProcessingInitializeOnLoad (2ms)
				ProcessInitializeOnLoadAttributes (187ms)
				ProcessInitializeOnLoadMethodAttributes (80ms)
				AfterProcessingInitializeOnLoad (0ms)
				EditorAssembliesLoaded (0ms)
			ExecutionOrderSort2 (0ms)
			AwakeInstancesAfterBackupRestoration (0ms)
Platform modules already initialized, skipping
Registering precompiled user dll's ...
Registered in 0.043300 seconds.
Begin MonoManager ReloadAssembly
Symbol file LoadedFromMemory is not a mono symbol file
Native extension for WindowsStandalone target not found
Refreshing native plugins compatible for Editor in 1.54 ms, found 17 plugins.
Preloading 0 native plugins for Editor in 0.00 ms.
Package Manager log level set to [2]
[Package Manager] Server::EnsureServerProcessIsRunning -- launch failed, reason: Unity was launched with the -noUpm command-line argument
[Package Manager] Cannot connect to Unity Package Manager local server
Mono: successfully reloaded assembly
- Completed reload, in  1.903 seconds
Domain Reload Profiling:
	ReloadAssembly (1904ms)
		BeginReloadAssembly (223ms)
			ExecutionOrderSort (0ms)
			DisableScriptedObjects (7ms)
			BackupInstance (0ms)
			ReleaseScriptingObjects (0ms)
			CreateAndSetChildDomain (44ms)
		EndReloadAssembly (1491ms)
			LoadAssemblies (168ms)
			RebuildTransferFunctionScriptingTraits (0ms)
			SetupTypeCache (356ms)
			ReleaseScriptCaches (1ms)
			RebuildScriptCaches (63ms)
			SetupLoadedEditorAssemblies (882ms)
				LogAssemblyErrors (0ms)
				InitializePlatformSupportModulesInManaged (7ms)
				SetLoadedEditorAssemblies (1ms)
				RefreshPlugins (2ms)
				BeforeProcessingInitializeOnLoad (108ms)
				ProcessInitializeOnLoadAttributes (722ms)
				ProcessInitializeOnLoadMethodAttributes (28ms)
				AfterProcessingInitializeOnLoad (15ms)
				EditorAssembliesLoaded (0ms)
			ExecutionOrderSort2 (0ms)
			AwakeInstancesAfterBackupRestoration (17ms)
Platform modules already initialized, skipping
========================================================================
Worker process is ready to serve import requests
Launched and connected shader compiler UnityShaderCompiler.exe after 0.11 seconds
Refreshing native plugins compatible for Editor in 2.47 ms, found 17 plugins.
Preloading 0 native plugins for Editor in 0.00 ms.
Unloading 2934 Unused Serialized files (Serialized files now loaded: 0)
Unloading 151 unused Assets / (43.9 KB). Loaded Objects now: 3319.
Memory consumption went from 201.3 MB to 201.3 MB.
Total: 5.695900 ms (FindLiveObjects: 0.356800 ms CreateObjectMapping: 0.302900 ms MarkObjects: 4.863800 ms  DeleteObjects: 0.170300 ms)

AssetImportParameters requested are different than current active one (requested -> active):
  custom:video-decoder-ogg-theora: a1e56fd34408186e4bbccfd4996cb3dc -> 
  custom:container-muxer-webm: aa71ff27fc2769a1b78a27578f13a17b -> 
  custom:container-demuxer-webm: 4f35f7cbe854078d1ac9338744f61a02 -> 
  custom:video-encoder-webm-vp8: eb34c28f22e8b96e1ab97ce403110664 -> 
  custom:CustomObjectIndexerAttribute: bc11b3a6c3213fcdd17b65e7da85e133 -> 
  custom:audio-encoder-webm-vorbis: bf7c407c2cedff20999df2af8eb42d56 -> 
  custom:framework-win-MediaFoundation: 216162199b28c13a410421893ffa2e32 -> 
  custom:SearchIndexIgnoredProperties: e643bd26f0fe6173181afceb89e7c659 -> 
  custom:container-demuxer-ogg: 62fdf1f143b41e24485cea50d1cbac27 -> 
  custom:video-decoder-webm-vp8: 9c59270c3fd7afecdb556c50c9e8de78 -> 
  custom:audio-decoder-ogg-vorbis: bf7c407c2cedff20999df2af8eb42d56 -> 
========================================================================
Received Import Request.
  Time since last request: 481558.802905 seconds.
  path: Assets/TZYU/TextMesh Pro2/Examples & Extras/Fonts/Bangers.ttf
  artifactKey: Guid(5dd49b3eacc540408c98eee0de38e0f1) Importer(815301076,1909f56bfc062723c751e8b465ee728b)
Number of updated assets reloaded before import = 0
Start importing Assets/TZYU/TextMesh Pro2/Examples & Extras/Fonts/Bangers.ttf using Guid(5dd49b3eacc540408c98eee0de38e0f1) Importer(815301076,1909f56bfc062723c751e8b465ee728b)  -> (artifact id: '8143402d22029970b128b219e5fbb318') in 0.303305 seconds 
Number of asset objects unloaded after import = 4
========================================================================
Received Import Request.
  Time since last request: 3.597536 seconds.
  path: Assets/YICHIUN/Fronts/INTER-VARIABLEFONT_SLNT,WGHT.TTF
  artifactKey: Guid(8b31ce5963efb7a4f92fea7f9133129a) Importer(815301076,1909f56bfc062723c751e8b465ee728b)
Number of updated assets reloaded before import = 0
Start importing Assets/YICHIUN/Fronts/INTER-VARIABLEFONT_SLNT,WGHT.TTF using Guid(8b31ce5963efb7a4f92fea7f9133129a) Importer(815301076,1909f56bfc062723c751e8b465ee728b)  -> (artifact id: '497b681150b8a985313dc4a82868709e') in 0.038172 seconds 
Number of asset objects unloaded after import = 4
========================================================================
Received Import Request.
  Time since last request: 0.000029 seconds.
  path: Assets/YICHIUN/Fronts/INTER-VARIABLEFONT_SLNT,WGHT 3.TTF
  artifactKey: Guid(73a8a71b27bc9634fb8540ae9ef9ca94) Importer(815301076,1909f56bfc062723c751e8b465ee728b)
Number of updated assets reloaded before import = 0
Start importing Assets/YICHIUN/Fronts/INTER-VARIABLEFONT_SLNT,WGHT 3.TTF using Guid(73a8a71b27bc9634fb8540ae9ef9ca94) Importer(815301076,1909f56bfc062723c751e8b465ee728b)  -> (artifact id: '42034b59cd007f88f0c58884ae398858') in 0.035917 seconds 
Number of asset objects unloaded after import = 4
========================================================================
Received Import Request.
  Time since last request: 0.000058 seconds.
  path: Assets/TZYU/Fronts_/INTER-VARIABLEFONT_SLNT,WGHT 2.TTF
  artifactKey: Guid(6888dac121142e941a413aba6ac83a00) Importer(815301076,1909f56bfc062723c751e8b465ee728b)
Number of updated assets reloaded before import = 0
Start importing Assets/TZYU/Fronts_/INTER-VARIABLEFONT_SLNT,WGHT 2.TTF using Guid(6888dac121142e941a413aba6ac83a00) Importer(815301076,1909f56bfc062723c751e8b465ee728b)  -> (artifact id: '2fee319d7325befd10f01a422c4b6c17') in 0.027402 seconds 
Number of asset objects unloaded after import = 4
========================================================================
Received Import Request.
  Time since last request: 0.000048 seconds.
  path: Assets/TZYU/Fronts/INTER-VARIABLEFONT_SLNT,WGHT 2.TTF
  artifactKey: Guid(020a570030723f54a88ece3b45c900df) Importer(815301076,1909f56bfc062723c751e8b465ee728b)
Number of updated assets reloaded before import = 0
Start importing Assets/TZYU/Fronts/INTER-VARIABLEFONT_SLNT,WGHT 2.TTF using Guid(020a570030723f54a88ece3b45c900df) Importer(815301076,1909f56bfc062723c751e8b465ee728b)  -> (artifact id: '22456d41fdd6ab0b3a00f74d66781ecc') in 0.027049 seconds 
Number of asset objects unloaded after import = 4
========================================================================
Received Import Request.
  Time since last request: 137.449517 seconds.
  path: Assets/YILING/UI/1_Home/Rectangle 1.png
  artifactKey: Guid(420ae2f016697e6418c2a3f8ba6f9535) Importer(815301076,1909f56bfc062723c751e8b465ee728b)
Number of updated assets reloaded before import = 0
Start importing Assets/YILING/UI/1_Home/Rectangle 1.png using Guid(420ae2f016697e6418c2a3f8ba6f9535) Importer(815301076,1909f56bfc062723c751e8b465ee728b)  -> (artifact id: '48cbd864bbea5967c1d9f16a0030ddc3') in 0.189690 seconds 
Number of asset objects unloaded after import = 3
========================================================================
Received Import Request.
  Time since last request: 0.000036 seconds.
  path: Assets/YILING/UI/1_Home/地圖.png
  artifactKey: Guid(7ca48223951a11142b88695a528c81af) Importer(815301076,1909f56bfc062723c751e8b465ee728b)
Number of updated assets reloaded before import = 0
Start importing Assets/YILING/UI/1_Home/地圖.png using Guid(7ca48223951a11142b88695a528c81af) Importer(815301076,1909f56bfc062723c751e8b465ee728b)  -> (artifact id: '3bb70683ac30f6b3559d5bbf3c5a9b7a') in 0.043991 seconds 
Number of asset objects unloaded after import = 3
========================================================================
Received Import Request.
  Time since last request: 0.000096 seconds.
  path: Assets/YILING/UI/1_Home/排行榜.png
  artifactKey: Guid(29f184870959fce4498f8be0bd800adc) Importer(815301076,1909f56bfc062723c751e8b465ee728b)
Number of updated assets reloaded before import = 0
Start importing Assets/YILING/UI/1_Home/排行榜.png using Guid(29f184870959fce4498f8be0bd800adc) Importer(815301076,1909f56bfc062723c751e8b465ee728b)  -> (artifact id: '11bbe61013e041e8f687b591616906ff') in 0.048831 seconds 
Number of asset objects unloaded after import = 3
========================================================================
Received Import Request.
  Time since last request: 0.548256 seconds.
  path: Assets/YILING/UI/2_Community/Rectangle 1.png
  artifactKey: Guid(cdc9929a1f9bf2445bd58d5476d87861) Importer(815301076,1909f56bfc062723c751e8b465ee728b)
Number of updated assets reloaded before import = 0
Start importing Assets/YILING/UI/2_Community/Rectangle 1.png using Guid(cdc9929a1f9bf2445bd58d5476d87861) Importer(815301076,1909f56bfc062723c751e8b465ee728b)  -> (artifact id: '76f6788ba3c7dfa305a3698ca1361e8e') in 0.069465 seconds 
Number of asset objects unloaded after import = 3
========================================================================
Received Import Request.
  Time since last request: 0.000041 seconds.
  path: Assets/YILING/UI/2_Community/頭貼_1.png
  artifactKey: Guid(b8016f230b47f5f4f86f7e597b78a574) Importer(815301076,1909f56bfc062723c751e8b465ee728b)
Number of updated assets reloaded before import = 0
Start importing Assets/YILING/UI/2_Community/頭貼_1.png using Guid(b8016f230b47f5f4f86f7e597b78a574) Importer(815301076,1909f56bfc062723c751e8b465ee728b)  -> (artifact id: '24f4c62c16027b18c129c2fcec13b674') in 0.051000 seconds 
Number of asset objects unloaded after import = 3
========================================================================
Received Import Request.
  Time since last request: 0.000049 seconds.
  path: Assets/YILING/UI/2_Community/讚.png
  artifactKey: Guid(47d61b75aebbe9b45876a6b3aefc1d73) Importer(815301076,1909f56bfc062723c751e8b465ee728b)
Number of updated assets reloaded before import = 0
Start importing Assets/YILING/UI/2_Community/讚.png using Guid(47d61b75aebbe9b45876a6b3aefc1d73) Importer(815301076,1909f56bfc062723c751e8b465ee728b)  -> (artifact id: '39d413b637d85f8afddf91756319edf9') in 0.039100 seconds 
Number of asset objects unloaded after import = 3
========================================================================
Received Import Request.
  Time since last request: 0.000034 seconds.
  path: Assets/YILING/UI/2_Community/頭貼_2.png
  artifactKey: Guid(99c24db44b29a1f41a80b967b4144c13) Importer(815301076,1909f56bfc062723c751e8b465ee728b)
Number of updated assets reloaded before import = 0
Start importing Assets/YILING/UI/2_Community/頭貼_2.png using Guid(99c24db44b29a1f41a80b967b4144c13) Importer(815301076,1909f56bfc062723c751e8b465ee728b)  -> (artifact id: '73a6a11ff6a240ae9a1b6dace3b857d2') in 0.039083 seconds 
Number of asset objects unloaded after import = 3
========================================================================
Received Import Request.
  Time since last request: 0.000035 seconds.
  path: Assets/YILING/UI/2_Community/用戶名.png
  artifactKey: Guid(dcf937dfe274fa843aa000fea413116b) Importer(815301076,1909f56bfc062723c751e8b465ee728b)
Number of updated assets reloaded before import = 0
Start importing Assets/YILING/UI/2_Community/用戶名.png using Guid(dcf937dfe274fa843aa000fea413116b) Importer(815301076,1909f56bfc062723c751e8b465ee728b)  -> (artifact id: '924e7264c5d9900f2d39d725ca3a3a27') in 0.033559 seconds 
Number of asset objects unloaded after import = 3
========================================================================
Received Import Request.
  Time since last request: 0.000038 seconds.
  path: Assets/YILING/UI/2_Community/首頁.png
  artifactKey: Guid(9fedd902dbfc1d1419d6072519502745) Importer(815301076,1909f56bfc062723c751e8b465ee728b)
Number of updated assets reloaded before import = 0
Start importing Assets/YILING/UI/2_Community/首頁.png using Guid(9fedd902dbfc1d1419d6072519502745) Importer(815301076,1909f56bfc062723c751e8b465ee728b)  -> (artifact id: '45041e71da461ce06d74906f10fe745e') in 0.032856 seconds 
Number of asset objects unloaded after import = 3
========================================================================
Received Import Request.
  Time since last request: 0.000031 seconds.
  path: Assets/YILING/UI/2_Community/留言.png
  artifactKey: Guid(8675ff11b435dd84e98257b7bfb1b5ab) Importer(815301076,1909f56bfc062723c751e8b465ee728b)
Number of updated assets reloaded before import = 0
Start importing Assets/YILING/UI/2_Community/留言.png using Guid(8675ff11b435dd84e98257b7bfb1b5ab) Importer(815301076,1909f56bfc062723c751e8b465ee728b)  -> (artifact id: '744c57e67ff99c3c9478969b5b9dd34c') in 0.037067 seconds 
Number of asset objects unloaded after import = 3
========================================================================
Received Import Request.
  Time since last request: 0.000029 seconds.
  path: Assets/YILING/UI/2_Community/個人檔案.png
  artifactKey: Guid(0e53e03d0fc7a3e4b9ac51ab3c42894d) Importer(815301076,1909f56bfc062723c751e8b465ee728b)
Number of updated assets reloaded before import = 0
Start importing Assets/YILING/UI/2_Community/個人檔案.png using Guid(0e53e03d0fc7a3e4b9ac51ab3c42894d) Importer(815301076,1909f56bfc062723c751e8b465ee728b)  -> (artifact id: '48ebb4b1850879f19dc4a487d5c52df7') in 0.032380 seconds 
Number of asset objects unloaded after import = 3
========================================================================
Received Import Request.
  Time since last request: 0.000037 seconds.
  path: Assets/YILING/UI/2_Community/分享一下.png
  artifactKey: Guid(f8a82efca7c0b9b43aa91e822755d9e7) Importer(815301076,1909f56bfc062723c751e8b465ee728b)
Number of updated assets reloaded before import = 0
Start importing Assets/YILING/UI/2_Community/分享一下.png using Guid(f8a82efca7c0b9b43aa91e822755d9e7) Importer(815301076,1909f56bfc062723c751e8b465ee728b)  -> (artifact id: '7e010c025b0e64cfa4f9fd57b64d659e') in 0.049999 seconds 
Number of asset objects unloaded after import = 3
========================================================================
Received Import Request.
  Time since last request: 0.000047 seconds.
  path: Assets/YILING/UI/2_Community/分享.png
  artifactKey: Guid(9aae3b849e7965543b3b1cd4ffef9d6f) Importer(815301076,1909f56bfc062723c751e8b465ee728b)
Number of updated assets reloaded before import = 0
Start importing Assets/YILING/UI/2_Community/分享.png using Guid(9aae3b849e7965543b3b1cd4ffef9d6f) Importer(815301076,1909f56bfc062723c751e8b465ee728b)  -> (artifact id: 'a72ee2ff99ca5ac16bee63aee3fc7cb2') in 0.038085 seconds 
Number of asset objects unloaded after import = 3
========================================================================
Received Import Request.
  Time since last request: 0.000036 seconds.
  path: Assets/YILING/UI/2_Community/排行榜.png
  artifactKey: Guid(3b87af7b94c34fc4caa6968629e223fa) Importer(815301076,1909f56bfc062723c751e8b465ee728b)
Number of updated assets reloaded before import = 0
Start importing Assets/YILING/UI/2_Community/排行榜.png using Guid(3b87af7b94c34fc4caa6968629e223fa) Importer(815301076,1909f56bfc062723c751e8b465ee728b)  -> (artifact id: 'f3938c1e9d217399ae4df22eb3c0879e') in 0.037295 seconds 
Number of asset objects unloaded after import = 3
========================================================================
Received Import Request.
  Time since last request: 0.000025 seconds.
  path: Assets/YILING/UI/2_Community/上一頁.png
  artifactKey: Guid(c1eb9391049c06f4fac8d291b94b572e) Importer(815301076,1909f56bfc062723c751e8b465ee728b)
Number of updated assets reloaded before import = 0
Start importing Assets/YILING/UI/2_Community/上一頁.png using Guid(c1eb9391049c06f4fac8d291b94b572e) Importer(815301076,1909f56bfc062723c751e8b465ee728b)  -> (artifact id: '36241af991aec5a3efc6b1f4ac4fd205') in 0.053575 seconds 
Number of asset objects unloaded after import = 3
========================================================================
Received Import Request.
  Time since last request: 0.006946 seconds.
  path: Assets/YILING/UI/2_Community/地圖.png
  artifactKey: Guid(d3feffbc1570ab245b73a6dde1bf6985) Importer(815301076,1909f56bfc062723c751e8b465ee728b)
Number of updated assets reloaded before import = 0
Start importing Assets/YILING/UI/2_Community/地圖.png using Guid(d3feffbc1570ab245b73a6dde1bf6985) Importer(815301076,1909f56bfc062723c751e8b465ee728b)  -> (artifact id: '6697079ebeef64dc66ee84c15404c21e') in 0.036855 seconds 
Number of asset objects unloaded after import = 3
========================================================================
Received Import Request.
  Time since last request: 0.000030 seconds.
  path: Assets/YILING/UI/2_Community/社群.png
  artifactKey: Guid(f81c727f6a9e54540b7f4d5c6709ff2b) Importer(815301076,1909f56bfc062723c751e8b465ee728b)
Number of updated assets reloaded before import = 0
Start importing Assets/YILING/UI/2_Community/社群.png using Guid(f81c727f6a9e54540b7f4d5c6709ff2b) Importer(815301076,1909f56bfc062723c751e8b465ee728b)  -> (artifact id: 'f1077a7659e2f7cb588944921d1c724f') in 0.035826 seconds 
Number of asset objects unloaded after import = 3
========================================================================
Received Import Request.
  Time since last request: 0.557690 seconds.
  path: Assets/YILING/UI/3_0Leaderboard/Rectangle 1.png
  artifactKey: Guid(82d66ca3290391c41b3d0b06809adbf1) Importer(815301076,1909f56bfc062723c751e8b465ee728b)
Number of updated assets reloaded before import = 0
Start importing Assets/YILING/UI/3_0Leaderboard/Rectangle 1.png using Guid(82d66ca3290391c41b3d0b06809adbf1) Importer(815301076,1909f56bfc062723c751e8b465ee728b)  -> (artifact id: 'bbc69ceebc7f7e58e491510c3ac43689') in 0.044926 seconds 
Number of asset objects unloaded after import = 3
========================================================================
Received Import Request.
  Time since last request: 0.000029 seconds.
  path: Assets/YILING/UI/3_0Leaderboard/首頁.png
  artifactKey: Guid(8445b8a102b7b184591b6341d5ab2bec) Importer(815301076,1909f56bfc062723c751e8b465ee728b)
Number of updated assets reloaded before import = 0
Start importing Assets/YILING/UI/3_0Leaderboard/首頁.png using Guid(8445b8a102b7b184591b6341d5ab2bec) Importer(815301076,1909f56bfc062723c751e8b465ee728b)  -> (artifact id: '593037b2c1526291305fd6b7b924985a') in 0.031320 seconds 
Number of asset objects unloaded after import = 3
========================================================================
Received Import Request.
  Time since last request: 0.000028 seconds.
  path: Assets/YILING/UI/3_0Leaderboard/寵物排行檔.png
  artifactKey: Guid(934eec5b296060b478cef15ce4e4ea19) Importer(815301076,1909f56bfc062723c751e8b465ee728b)
Number of updated assets reloaded before import = 0
Start importing Assets/YILING/UI/3_0Leaderboard/寵物排行檔.png using Guid(934eec5b296060b478cef15ce4e4ea19) Importer(815301076,1909f56bfc062723c751e8b465ee728b)  -> (artifact id: 'd7fde4b1f7686946c3ee00e3ac0d7cc4') in 0.199123 seconds 
Number of asset objects unloaded after import = 3
========================================================================
Received Import Request.
  Time since last request: 5.104174 seconds.
  path: Assets/YILING/Scenes_ui/3_0Leaderboard.unity
  artifactKey: Guid(a2155a2ec454c544d8c3f1801f094f09) Importer(815301076,1909f56bfc062723c751e8b465ee728b)
Number of updated assets reloaded before import = 0
Start importing Assets/YILING/Scenes_ui/3_0Leaderboard.unity using Guid(a2155a2ec454c544d8c3f1801f094f09) Importer(815301076,1909f56bfc062723c751e8b465ee728b)  -> (artifact id: 'ec01a0c63dfb9b5a2f849af51653f72a') in 0.005091 seconds 
Number of asset objects unloaded after import = 0
========================================================================
Received Import Request.
  Time since last request: 2.822927 seconds.
  path: Assets/YILING/Scenes_ui/2_Community.unity
  artifactKey: Guid(3546b7e5d14b92440ad27973cf6d6758) Importer(815301076,1909f56bfc062723c751e8b465ee728b)
Number of updated assets reloaded before import = 0
Start importing Assets/YILING/Scenes_ui/2_Community.unity using Guid(3546b7e5d14b92440ad27973cf6d6758) Importer(815301076,1909f56bfc062723c751e8b465ee728b)  -> (artifact id: 'eeacd1f370a798bc77a459586415d94e') in 0.002912 seconds 
Number of asset objects unloaded after import = 0
========================================================================
Received Import Request.
  Time since last request: 5.937517 seconds.
  path: Assets/YILING/Scenes_ui/3_1Leaderboard_animals.unity
  artifactKey: Guid(4ef13b62f2c5a1d48a458e0d4970b617) Importer(815301076,1909f56bfc062723c751e8b465ee728b)
Number of updated assets reloaded before import = 0
Start importing Assets/YILING/Scenes_ui/3_1Leaderboard_animals.unity using Guid(4ef13b62f2c5a1d48a458e0d4970b617) Importer(815301076,1909f56bfc062723c751e8b465ee728b)  -> (artifact id: '4b4f57927aa8dab2407e17eae2cd2d61') in 0.001967 seconds 
Number of asset objects unloaded after import = 0
========================================================================
Received Import Request.
  Time since last request: 5.776260 seconds.
  path: Assets/YILING/Scenes_ui/4_Map.unity
  artifactKey: Guid(d6e5cef1893eb5b4cbdf6cd9ef6ec715) Importer(815301076,1909f56bfc062723c751e8b465ee728b)
Number of updated assets reloaded before import = 0
Start importing Assets/YILING/Scenes_ui/4_Map.unity using Guid(d6e5cef1893eb5b4cbdf6cd9ef6ec715) Importer(815301076,1909f56bfc062723c751e8b465ee728b)  -> (artifact id: '12287085688904addcb5b71b5e626e44') in 0.002363 seconds 
Number of asset objects unloaded after import = 0
========================================================================
Received Import Request.
  Time since last request: 3.571905 seconds.
  path: Assets/YILING/Scenes_ui/5_Camera.unity
  artifactKey: Guid(66afb028b97e17243ac958112fc31917) Importer(815301076,1909f56bfc062723c751e8b465ee728b)
Number of updated assets reloaded before import = 0
Start importing Assets/YILING/Scenes_ui/5_Camera.unity using Guid(66afb028b97e17243ac958112fc31917) Importer(815301076,1909f56bfc062723c751e8b465ee728b)  -> (artifact id: 'faa499f7fd4045741aafb1de24c3e623') in 0.002495 seconds 
Number of asset objects unloaded after import = 0
========================================================================
Received Import Request.
  Time since last request: 2.118771 seconds.
  path: Assets/YILING/Scenes_ui/6_0Profile.unity
  artifactKey: Guid(03a2cb5d6f1a21849ba4192d9e96de85) Importer(815301076,1909f56bfc062723c751e8b465ee728b)
Number of updated assets reloaded before import = 0
Start importing Assets/YILING/Scenes_ui/6_0Profile.unity using Guid(03a2cb5d6f1a21849ba4192d9e96de85) Importer(815301076,1909f56bfc062723c751e8b465ee728b)  -> (artifact id: '764178cb240801b064c54210f40231fc') in 0.002316 seconds 
Number of asset objects unloaded after import = 0
========================================================================
Received Import Request.
  Time since last request: 1.474113 seconds.
  path: Assets/YILING/Scenes_ui/6_1Profile_paststeps.unity
  artifactKey: Guid(397473b5605428b429e57dd238d2cec4) Importer(815301076,1909f56bfc062723c751e8b465ee728b)
Number of updated assets reloaded before import = 0
Start importing Assets/YILING/Scenes_ui/6_1Profile_paststeps.unity using Guid(397473b5605428b429e57dd238d2cec4) Importer(815301076,1909f56bfc062723c751e8b465ee728b)  -> (artifact id: 'd32e45d4a9e00931a3e08cfb3a46eb59') in 0.001889 seconds 
Number of asset objects unloaded after import = 0
========================================================================
Received Import Request.
  Time since last request: 13.022426 seconds.
  path: Assets/YILING/Scenes_ui/1_Home.unity
  artifactKey: Guid(0559d24e96bc3f54792a6a4900191c66) Importer(815301076,1909f56bfc062723c751e8b465ee728b)
Number of updated assets reloaded before import = 0
Start importing Assets/YILING/Scenes_ui/1_Home.unity using Guid(0559d24e96bc3f54792a6a4900191c66) Importer(815301076,1909f56bfc062723c751e8b465ee728b)  -> (artifact id: 'a73cc04c264c459c812a4693d21aba6e') in 0.001619 seconds 
Number of asset objects unloaded after import = 0
========================================================================
Received Import Request.
  Time since last request: 100.885441 seconds.
  path: Assets/YILING/Scenes_ui/6_2Profile_mypet.unity
  artifactKey: Guid(b7258ad6ebb20c847ba03baa2aee7dfb) Importer(815301076,1909f56bfc062723c751e8b465ee728b)
Number of updated assets reloaded before import = 0
Start importing Assets/YILING/Scenes_ui/6_2Profile_mypet.unity using Guid(b7258ad6ebb20c847ba03baa2aee7dfb) Importer(815301076,1909f56bfc062723c751e8b465ee728b)  -> (artifact id: '916b9574d347b2734aa6f0f4fc911d66') in 0.003116 seconds 
Number of asset objects unloaded after import = 0
========================================================================
Received Import Request.
  Time since last request: 0.516334 seconds.
  path: Assets/YILING/Scenes_ui/6_3Profile_mymap.unity
  artifactKey: Guid(6ddcb58a54151b9459e6841e21182267) Importer(815301076,1909f56bfc062723c751e8b465ee728b)
Number of updated assets reloaded before import = 0
Start importing Assets/YILING/Scenes_ui/6_3Profile_mymap.unity using Guid(6ddcb58a54151b9459e6841e21182267) Importer(815301076,1909f56bfc062723c751e8b465ee728b)  -> (artifact id: '29e4d84ada6218f43ecdb919a0017167') in 0.002182 seconds 
Number of asset objects unloaded after import = 0
========================================================================
Received Import Request.
  Time since last request: 0.541760 seconds.
  path: Assets/YILING/Scenes_ui/6_4Profile_myachievements.unity
  artifactKey: Guid(3ab1b2040bc7d8c45a0df9d0f357d3ec) Importer(815301076,1909f56bfc062723c751e8b465ee728b)
Number of updated assets reloaded before import = 0
Start importing Assets/YILING/Scenes_ui/6_4Profile_myachievements.unity using Guid(3ab1b2040bc7d8c45a0df9d0f357d3ec) Importer(815301076,1909f56bfc062723c751e8b465ee728b)  -> (artifact id: '71718167a3512f4014448e7be45c75bc') in 0.002445 seconds 
Number of asset objects unloaded after import = 0
========================================================================
Received Import Request.
  Time since last request: 0.432097 seconds.
  path: Assets/YILING/Scenes_ui/6_5Profile_myprofile.unity
  artifactKey: Guid(abccbe74465823a4ab1e4346658a87f5) Importer(815301076,1909f56bfc062723c751e8b465ee728b)
Number of updated assets reloaded before import = 0
Start importing Assets/YILING/Scenes_ui/6_5Profile_myprofile.unity using Guid(abccbe74465823a4ab1e4346658a87f5) Importer(815301076,1909f56bfc062723c751e8b465ee728b)  -> (artifact id: '1ac0dce117ed2edd0294f8c9ce1bb02b') in 0.003513 seconds 
Number of asset objects unloaded after import = 0
========================================================================
Received Import Request.
  Time since last request: 2.856600 seconds.
  path: Assets/YILING/Scenes_ui/5_Camera.unity
  artifactKey: Guid(66afb028b97e17243ac958112fc31917) Importer(815301076,1909f56bfc062723c751e8b465ee728b)
Number of updated assets reloaded before import = 0
Start importing Assets/YILING/Scenes_ui/5_Camera.unity using Guid(66afb028b97e17243ac958112fc31917) Importer(815301076,1909f56bfc062723c751e8b465ee728b)  -> (artifact id: 'a3559bc825f5d0e30134e370ab582772') in 0.001783 seconds 
Number of asset objects unloaded after import = 0
========================================================================
Received Import Request.
  Time since last request: 31.016444 seconds.
  path: Assets/YILING/Scenes_ui/6_0Profile.unity
  artifactKey: Guid(03a2cb5d6f1a21849ba4192d9e96de85) Importer(815301076,1909f56bfc062723c751e8b465ee728b)
Number of updated assets reloaded before import = 0
Start importing Assets/YILING/Scenes_ui/6_0Profile.unity using Guid(03a2cb5d6f1a21849ba4192d9e96de85) Importer(815301076,1909f56bfc062723c751e8b465ee728b)  -> (artifact id: 'f9ad22e9aeeb0902028d21d8a1e023fb') in 0.002125 seconds 
Number of asset objects unloaded after import = 0
========================================================================
Received Import Request.
  Time since last request: 18.090918 seconds.
  path: Assets/YILING/Scenes_ui/6_1Profile_paststeps.unity
  artifactKey: Guid(397473b5605428b429e57dd238d2cec4) Importer(815301076,1909f56bfc062723c751e8b465ee728b)
Number of updated assets reloaded before import = 0
Start importing Assets/YILING/Scenes_ui/6_1Profile_paststeps.unity using Guid(397473b5605428b429e57dd238d2cec4) Importer(815301076,1909f56bfc062723c751e8b465ee728b)  -> (artifact id: '0286c4cfad30da75a8630e5f1dffa82b') in 0.001671 seconds 
Number of asset objects unloaded after import = 0
========================================================================
Received Import Request.
  Time since last request: 10.663896 seconds.
  path: Assets/YILING/Scenes_ui/6_2Profile_mypet.unity
  artifactKey: Guid(b7258ad6ebb20c847ba03baa2aee7dfb) Importer(815301076,1909f56bfc062723c751e8b465ee728b)
Number of updated assets reloaded before import = 0
Start importing Assets/YILING/Scenes_ui/6_2Profile_mypet.unity using Guid(b7258ad6ebb20c847ba03baa2aee7dfb) Importer(815301076,1909f56bfc062723c751e8b465ee728b)  -> (artifact id: 'ae425b10e249f6fd2811b35083b27e4e') in 0.001903 seconds 
Number of asset objects unloaded after import = 0
========================================================================
Received Import Request.
  Time since last request: 10.554884 seconds.
  path: Assets/YILING/Scenes_ui/6_3Profile_mymap.unity
  artifactKey: Guid(6ddcb58a54151b9459e6841e21182267) Importer(815301076,1909f56bfc062723c751e8b465ee728b)
Number of updated assets reloaded before import = 0
Start importing Assets/YILING/Scenes_ui/6_3Profile_mymap.unity using Guid(6ddcb58a54151b9459e6841e21182267) Importer(815301076,1909f56bfc062723c751e8b465ee728b)  -> (artifact id: '7b27fa28503a385c010b6fcd74a0e1fc') in 0.001679 seconds 
Number of asset objects unloaded after import = 0
========================================================================
Received Import Request.
  Time since last request: 9.309238 seconds.
  path: Assets/YILING/Scenes_ui/6_4Profile_myachievements.unity
  artifactKey: Guid(3ab1b2040bc7d8c45a0df9d0f357d3ec) Importer(815301076,1909f56bfc062723c751e8b465ee728b)
Number of updated assets reloaded before import = 0
Start importing Assets/YILING/Scenes_ui/6_4Profile_myachievements.unity using Guid(3ab1b2040bc7d8c45a0df9d0f357d3ec) Importer(815301076,1909f56bfc062723c751e8b465ee728b)  -> (artifact id: '2adebeb1b98674d3d1541e8dda185c80') in 0.001473 seconds 
Number of asset objects unloaded after import = 0
========================================================================
Received Import Request.
  Time since last request: 13.379720 seconds.
  path: Assets/YILING/Pedometer/Example
  artifactKey: Guid(9a0d7b24a17424231ab3aed86aba7a26) Importer(815301076,1909f56bfc062723c751e8b465ee728b)
Number of updated assets reloaded before import = 0
Start importing Assets/YILING/Pedometer/Example using Guid(9a0d7b24a17424231ab3aed86aba7a26) Importer(815301076,1909f56bfc062723c751e8b465ee728b)  -> (artifact id: '0519d37ed3fb743f060501aab0f373a2') in 0.002184 seconds 
Number of asset objects unloaded after import = 0
========================================================================
Received Import Request.
  Time since last request: 0.884956 seconds.
  path: Assets/YILING/Pedometer/Example/StepCounter.cs
  artifactKey: Guid(21f5752f378f34804a2850c37523d8ba) Importer(815301076,1909f56bfc062723c751e8b465ee728b)
Number of updated assets reloaded before import = 0
Start importing Assets/YILING/Pedometer/Example/StepCounter.cs using Guid(21f5752f378f34804a2850c37523d8ba) Importer(815301076,1909f56bfc062723c751e8b465ee728b)  -> (artifact id: '687d83f0906b4527fd3f2338a97e0898') in 0.025656 seconds 
Number of asset objects unloaded after import = 0
========================================================================
Received Import Request.
  Time since last request: 12.784653 seconds.
  path: Assets/YILING/Pedometer/Example/StepCounter.unity
  artifactKey: Guid(e5fcab55ab6a24d8eb5dd6198b597019) Importer(815301076,1909f56bfc062723c751e8b465ee728b)
Number of updated assets reloaded before import = 0
Start importing Assets/YILING/Pedometer/Example/StepCounter.unity using Guid(e5fcab55ab6a24d8eb5dd6198b597019) Importer(815301076,1909f56bfc062723c751e8b465ee728b)  -> (artifact id: '8a63bc166695ace53691357331ffcb34') in 0.002493 seconds 
Number of asset objects unloaded after import = 0
========================================================================
Received Import Request.
  Time since last request: 59.504198 seconds.
  path: Assets/YILING/Pedometer/Plugins
  artifactKey: Guid(16f5885743c8a4311b5892c1f5bc06ad) Importer(815301076,1909f56bfc062723c751e8b465ee728b)
Number of updated assets reloaded before import = 0
Start importing Assets/YILING/Pedometer/Plugins using Guid(16f5885743c8a4311b5892c1f5bc06ad) Importer(815301076,1909f56bfc062723c751e8b465ee728b)  -> (artifact id: '5ea9eb943cbe09b3757befc4bddea580') in 0.001906 seconds 
Number of asset objects unloaded after import = 0
========================================================================
Received Import Request.
  Time since last request: 0.890346 seconds.
  path: Assets/YILING/Pedometer/Plugins/Android
  artifactKey: Guid(f118efd25bcfb44008cbb6a4bd8d38aa) Importer(815301076,1909f56bfc062723c751e8b465ee728b)
Number of updated assets reloaded before import = 0
Start importing Assets/YILING/Pedometer/Plugins/Android using Guid(f118efd25bcfb44008cbb6a4bd8d38aa) Importer(815301076,1909f56bfc062723c751e8b465ee728b)  -> (artifact id: 'd952e89ac19e498b52c0ae8b97f5b612') in 0.001935 seconds 
Number of asset objects unloaded after import = 0
========================================================================
Received Import Request.
  Time since last request: 4.278228 seconds.
  path: Assets/YILING/Pedometer
  artifactKey: Guid(7a73552b2c9c547dc8b9a92c15744bd8) Importer(815301076,1909f56bfc062723c751e8b465ee728b)
Number of updated assets reloaded before import = 0
Start importing Assets/YILING/Pedometer using Guid(7a73552b2c9c547dc8b9a92c15744bd8) Importer(815301076,1909f56bfc062723c751e8b465ee728b)  -> (artifact id: '96a24d3b734001c05eb7fefb4db12e58') in 0.004322 seconds 
Number of asset objects unloaded after import = 0
========================================================================
Received Import Request.
  Time since last request: 22.019493 seconds.
  path: Assets/YILING/Pedometer/Example/StepCounter.unity
  artifactKey: Guid(e5fcab55ab6a24d8eb5dd6198b597019) Importer(815301076,1909f56bfc062723c751e8b465ee728b)
Number of updated assets reloaded before import = 0
Start importing Assets/YILING/Pedometer/Example/StepCounter.unity using Guid(e5fcab55ab6a24d8eb5dd6198b597019) Importer(815301076,1909f56bfc062723c751e8b465ee728b)  -> (artifact id: 'ec0ef30364e6499d81c9c98b85c51cf2') in 0.002718 seconds 
Number of asset objects unloaded after import = 0
========================================================================
Received Import Request.
  Time since last request: 14.367714 seconds.
  path: Assets/YILING/Pedometer/Example/Steps.prefab
  artifactKey: Guid(9a118403f08f38d4881fc88fb5bcab29) Importer(815301076,1909f56bfc062723c751e8b465ee728b)
Number of updated assets reloaded before import = 0
Start importing Assets/YILING/Pedometer/Example/Steps.prefab using Guid(9a118403f08f38d4881fc88fb5bcab29) Importer(815301076,1909f56bfc062723c751e8b465ee728b)  -> (artifact id: '529d88ac2c28f6f5f5da15697cd28d96') in 0.027098 seconds 
Number of asset objects unloaded after import = 6
========================================================================
Received Import Request.
  Time since last request: 7.971243 seconds.
  path: Assets/YILING/Pedometer/Example/Distance.prefab
  artifactKey: Guid(2596777c7da8e85499d769d7004c06ea) Importer(815301076,1909f56bfc062723c751e8b465ee728b)
Number of updated assets reloaded before import = 0
Start importing Assets/YILING/Pedometer/Example/Distance.prefab using Guid(2596777c7da8e85499d769d7004c06ea) Importer(815301076,1909f56bfc062723c751e8b465ee728b)  -> (artifact id: 'f0c3cdb602ecee03cecc9bbd3f0242a2') in 0.003530 seconds 
Number of asset objects unloaded after import = 6
========================================================================
Received Import Request.
  Time since last request: 184.628431 seconds.
  path: Assets/YILING
  artifactKey: Guid(a3155e80760c673469ede9c5459af570) Importer(815301076,1909f56bfc062723c751e8b465ee728b)
Number of updated assets reloaded before import = 0
Start importing Assets/YILING using Guid(a3155e80760c673469ede9c5459af570) Importer(815301076,1909f56bfc062723c751e8b465ee728b)  -> (artifact id: '3f4051ce16cfe4be9fcebc8591f41f87') in 0.002180 seconds 
Number of asset objects unloaded after import = 0
========================================================================
Received Import Request.
  Time since last request: 9.963154 seconds.
  path: Assets/YILING/steo
  artifactKey: Guid(6a0c9cafce7bd32418d5fee99264fd2c) Importer(815301076,1909f56bfc062723c751e8b465ee728b)
Number of updated assets reloaded before import = 0
Start importing Assets/YILING/steo using Guid(6a0c9cafce7bd32418d5fee99264fd2c) Importer(815301076,1909f56bfc062723c751e8b465ee728b)  -> (artifact id: '797d0c2ae6020d9827dc2cc536796e79') in 0.001794 seconds 
Number of asset objects unloaded after import = 0
========================================================================
Received Import Request.
  Time since last request: 8.020744 seconds.
  path: Assets/YILING/step
  artifactKey: Guid(6a0c9cafce7bd32418d5fee99264fd2c) Importer(815301076,1909f56bfc062723c751e8b465ee728b)
Number of updated assets reloaded before import = 0
Start importing Assets/YILING/step using Guid(6a0c9cafce7bd32418d5fee99264fd2c) Importer(815301076,1909f56bfc062723c751e8b465ee728b)  -> (artifact id: '9b38964a409b3cb6ddf5a93cc699e762') in 0.001733 seconds 
Number of asset objects unloaded after import = 0
========================================================================
Received Import Request.
  Time since last request: 14.285318 seconds.
  path: Assets/YILING/Step
  artifactKey: Guid(6a0c9cafce7bd32418d5fee99264fd2c) Importer(815301076,1909f56bfc062723c751e8b465ee728b)
Number of updated assets reloaded before import = 0
Start importing Assets/YILING/Step using Guid(6a0c9cafce7bd32418d5fee99264fd2c) Importer(815301076,1909f56bfc062723c751e8b465ee728b)  -> (artifact id: '4d0c2e6001fc76a1b643c97fbda2ef6e') in 0.001841 seconds 
Number of asset objects unloaded after import = 0
========================================================================
Received Import Request.
  Time since last request: 170.920645 seconds.
  path: Assets/Fronts/INTER-VARIABLEFONT_SLNT,WGHT 4.TTF
  artifactKey: Guid(902848c2d9e7e6e4dbc3b6e7dce022cc) Importer(815301076,1909f56bfc062723c751e8b465ee728b)
Number of updated assets reloaded before import = 13
Start importing Assets/Fronts/INTER-VARIABLEFONT_SLNT,WGHT 4.TTF using Guid(902848c2d9e7e6e4dbc3b6e7dce022cc) Importer(815301076,1909f56bfc062723c751e8b465ee728b)  -> (artifact id: '353e55c2bdfbc6cc839834e77296a871') in 0.032883 seconds 
Number of asset objects unloaded after import = 4
========================================================================
Received Import Request.
  Time since last request: 0.005278 seconds.
  path: Assets/Fronts/INTER-VARIABLEFONT_SLNT,WGHT 7.TTF
  artifactKey: Guid(9a9268bd7a3c6544da0e4f0cd0e89a9c) Importer(815301076,1909f56bfc062723c751e8b465ee728b)
Number of updated assets reloaded before import = 0
Start importing Assets/Fronts/INTER-VARIABLEFONT_SLNT,WGHT 7.TTF using Guid(9a9268bd7a3c6544da0e4f0cd0e89a9c) Importer(815301076,1909f56bfc062723c751e8b465ee728b)  -> (artifact id: '2ff4b36e7210382791cf37c89a5829dc') in 0.019999 seconds 
Number of asset objects unloaded after import = 4
========================================================================
Received Import Request.
  Time since last request: 0.000034 seconds.
  path: Assets/Fronts/INTER-VARIABLEFONT_SLNT,WGHT 15.TTF
  artifactKey: Guid(2469b1df75d35004fba8c14bdce72d45) Importer(815301076,1909f56bfc062723c751e8b465ee728b)
Number of updated assets reloaded before import = 0
Start importing Assets/Fronts/INTER-VARIABLEFONT_SLNT,WGHT 15.TTF using Guid(2469b1df75d35004fba8c14bdce72d45) Importer(815301076,1909f56bfc062723c751e8b465ee728b)  -> (artifact id: 'a442ab5914cc9ba5fae9e13369cff743') in 0.020651 seconds 
Number of asset objects unloaded after import = 4
========================================================================
Received Import Request.
  Time since last request: 0.000022 seconds.
  path: Assets/Fronts/INTER-VARIABLEFONT_SLNT,WGHT 11.TTF
  artifactKey: Guid(515e3f905c0246646b1e4ab06a96c320) Importer(815301076,1909f56bfc062723c751e8b465ee728b)
Number of updated assets reloaded before import = 0
Start importing Assets/Fronts/INTER-VARIABLEFONT_SLNT,WGHT 11.TTF using Guid(515e3f905c0246646b1e4ab06a96c320) Importer(815301076,1909f56bfc062723c751e8b465ee728b)  -> (artifact id: 'd536905649a55835ca908deadb68dd15') in 0.021623 seconds 
Number of asset objects unloaded after import = 4
========================================================================
Received Import Request.
  Time since last request: 0.000022 seconds.
  path: Assets/Fronts/INTER-VARIABLEFONT_SLNT,WGHT 16.TTF
  artifactKey: Guid(33af00c23066c1e44af738380c905feb) Importer(815301076,1909f56bfc062723c751e8b465ee728b)
Number of updated assets reloaded before import = 0
Start importing Assets/Fronts/INTER-VARIABLEFONT_SLNT,WGHT 16.TTF using Guid(33af00c23066c1e44af738380c905feb) Importer(815301076,1909f56bfc062723c751e8b465ee728b)  -> (artifact id: '6a47d74e766436823e2f8cdf0b40df2a') in 0.016619 seconds 
Number of asset objects unloaded after import = 4
========================================================================
Received Import Request.
  Time since last request: 0.000026 seconds.
  path: Assets/Fronts/INTER-VARIABLEFONT_SLNT,WGHT 8.TTF
  artifactKey: Guid(eeb9a51763ff79b4f81028c939814fac) Importer(815301076,1909f56bfc062723c751e8b465ee728b)
Number of updated assets reloaded before import = 0
Start importing Assets/Fronts/INTER-VARIABLEFONT_SLNT,WGHT 8.TTF using Guid(eeb9a51763ff79b4f81028c939814fac) Importer(815301076,1909f56bfc062723c751e8b465ee728b)  -> (artifact id: 'f5fdada4bbbcb4b61d6ec1a5b99a3f9d') in 0.020990 seconds 
Number of asset objects unloaded after import = 4
========================================================================
Received Import Request.
  Time since last request: 0.000029 seconds.
  path: Assets/Fronts/INTER-VARIABLEFONT_SLNT,WGHT 10.TTF
  artifactKey: Guid(e68ba5bf90e00ea4b81db7a68e73066c) Importer(815301076,1909f56bfc062723c751e8b465ee728b)
Number of updated assets reloaded before import = 0
Start importing Assets/Fronts/INTER-VARIABLEFONT_SLNT,WGHT 10.TTF using Guid(e68ba5bf90e00ea4b81db7a68e73066c) Importer(815301076,1909f56bfc062723c751e8b465ee728b)  -> (artifact id: 'aec8774f5563cc26f8d3307dbb0caba1') in 0.023746 seconds 
Number of asset objects unloaded after import = 4
========================================================================
Received Import Request.
  Time since last request: 0.000359 seconds.
  path: Assets/Fronts/INTER-VARIABLEFONT_SLNT,WGHT 9.TTF
  artifactKey: Guid(4126c1fb0f0c62e4bb4122afab69312a) Importer(815301076,1909f56bfc062723c751e8b465ee728b)
Number of updated assets reloaded before import = 0
Start importing Assets/Fronts/INTER-VARIABLEFONT_SLNT,WGHT 9.TTF using Guid(4126c1fb0f0c62e4bb4122afab69312a) Importer(815301076,1909f56bfc062723c751e8b465ee728b)  -> (artifact id: 'cd6a3eef1d17153ff55c2b9819a7c59a') in 0.036628 seconds 
Number of asset objects unloaded after import = 4
========================================================================
Received Import Request.
  Time since last request: 0.000023 seconds.
  path: Assets/Fronts/INTER-VARIABLEFONT_SLNT,WGHT 6.TTF
  artifactKey: Guid(4393ab8d8288b194a87aa3ad6b46c0b8) Importer(815301076,1909f56bfc062723c751e8b465ee728b)
Number of updated assets reloaded before import = 0
Start importing Assets/Fronts/INTER-VARIABLEFONT_SLNT,WGHT 6.TTF using Guid(4393ab8d8288b194a87aa3ad6b46c0b8) Importer(815301076,1909f56bfc062723c751e8b465ee728b)  -> (artifact id: '17a1edce5ad9d380492469774f048ac6') in 0.023103 seconds 
Number of asset objects unloaded after import = 4
========================================================================
Received Import Request.
  Time since last request: 0.000065 seconds.
  path: Assets/Fronts/INTER-VARIABLEFONT_SLNT,WGHT 14.TTF
  artifactKey: Guid(b6eee002bd775124b86619111a45db42) Importer(815301076,1909f56bfc062723c751e8b465ee728b)
Number of updated assets reloaded before import = 0
Start importing Assets/Fronts/INTER-VARIABLEFONT_SLNT,WGHT 14.TTF using Guid(b6eee002bd775124b86619111a45db42) Importer(815301076,1909f56bfc062723c751e8b465ee728b)  -> (artifact id: '4e513f01603f6e1bd20bef7e257203d5') in 0.029750 seconds 
Number of asset objects unloaded after import = 4
========================================================================
Received Import Request.
  Time since last request: 0.000053 seconds.
  path: Assets/Fronts/INTER-VARIABLEFONT_SLNT,WGHT 17.TTF
  artifactKey: Guid(48566132a24d95048bde97d0bddf9787) Importer(815301076,1909f56bfc062723c751e8b465ee728b)
Number of updated assets reloaded before import = 0
Start importing Assets/Fronts/INTER-VARIABLEFONT_SLNT,WGHT 17.TTF using Guid(48566132a24d95048bde97d0bddf9787) Importer(815301076,1909f56bfc062723c751e8b465ee728b)  -> (artifact id: '6730d67b8060ff1707d54fde72e1ce3e') in 0.026198 seconds 
Number of asset objects unloaded after import = 4
========================================================================
Received Import Request.
  Time since last request: 0.000082 seconds.
  path: Assets/Fronts/INTER-VARIABLEFONT_SLNT,WGHT 13.TTF
  artifactKey: Guid(7723b49e1484dd0488db5a39821e56c7) Importer(815301076,1909f56bfc062723c751e8b465ee728b)
Number of updated assets reloaded before import = 0
Start importing Assets/Fronts/INTER-VARIABLEFONT_SLNT,WGHT 13.TTF using Guid(7723b49e1484dd0488db5a39821e56c7) Importer(815301076,1909f56bfc062723c751e8b465ee728b)  -> (artifact id: '82fee5cc20924ae4efb990b37b488b87') in 0.023714 seconds 
Number of asset objects unloaded after import = 4
========================================================================
Received Import Request.
  Time since last request: 2.004080 seconds.
  path: Assets/Material/bone 1.mat
  artifactKey: Guid(a322d04b52ef9264d8c7a647f799d65a) Importer(815301076,1909f56bfc062723c751e8b465ee728b)
Number of updated assets reloaded before import = 0
Start importing Assets/Material/bone 1.mat using Guid(a322d04b52ef9264d8c7a647f799d65a) Importer(815301076,1909f56bfc062723c751e8b465ee728b)  -> (artifact id: 'b85ee0b55907491fc64a6913cf2d42ae') in 0.378618 seconds 
Number of asset objects unloaded after import = 1
========================================================================
Received Import Request.
  Time since last request: 0.000034 seconds.
  path: Assets/Material/number2.png
  artifactKey: Guid(4532336cb52dbd24e947cbfb0f4f9db5) Importer(815301076,1909f56bfc062723c751e8b465ee728b)
Number of updated assets reloaded before import = 0
Start importing Assets/Material/number2.png using Guid(4532336cb52dbd24e947cbfb0f4f9db5) Importer(815301076,1909f56bfc062723c751e8b465ee728b)  -> (artifact id: '30c703db222582b92acefe7584d8cd87') in 0.270432 seconds 
Number of asset objects unloaded after import = 3
========================================================================
Received Import Request.
  Time since last request: 11.387838 seconds.
  path: Assets/YUYING/AR Location Path.asset
  artifactKey: Guid(37b9fb5eebd5e3744a5b57f836fb97a4) Importer(815301076,1909f56bfc062723c751e8b465ee728b)
Number of updated assets reloaded before import = 0
Start importing Assets/YUYING/AR Location Path.asset using Guid(37b9fb5eebd5e3744a5b57f836fb97a4) Importer(815301076,1909f56bfc062723c751e8b465ee728b)  -> (artifact id: '5e3ed6d461c9bc8bbea8ee11f5e4bc08') in 0.011737 seconds 
Number of asset objects unloaded after import = 1
========================================================================
Received Import Request.
  Time since last request: 90.233739 seconds.
  path: Assets/StepbyStep/Custom2023926_231236.png
  artifactKey: Guid(98f7a2599150db247b543567e4cb8ce8) Importer(815301076,1909f56bfc062723c751e8b465ee728b)
Number of updated assets reloaded before import = 0
Start importing Assets/StepbyStep/Custom2023926_231236.png using Guid(98f7a2599150db247b543567e4cb8ce8) Importer(815301076,1909f56bfc062723c751e8b465ee728b)  -> (artifact id: '22dac6ce8cc57abd889e1f78b80edba7') in 0.134812 seconds 
Number of asset objects unloaded after import = 2
========================================================================
Received Import Request.
  Time since last request: 2.473720 seconds.
  path: Assets/UI/panel.png
  artifactKey: Guid(25fd043ede4b6fe4f9d1e01438d40dd4) Importer(815301076,1909f56bfc062723c751e8b465ee728b)
Number of updated assets reloaded before import = 0
Start importing Assets/UI/panel.png using Guid(25fd043ede4b6fe4f9d1e01438d40dd4) Importer(815301076,1909f56bfc062723c751e8b465ee728b)  -> (artifact id: '89d28e727d04790cb29e33568b4a817f') in 0.100601 seconds 
Number of asset objects unloaded after import = 3
========================================================================
Received Import Request.
  Time since last request: 0.000028 seconds.
  path: Assets/UI/上一頁_點選.png
  artifactKey: Guid(581d07985e87d7b4bb06194154289304) Importer(815301076,1909f56bfc062723c751e8b465ee728b)
Number of updated assets reloaded before import = 0
Start importing Assets/UI/上一頁_點選.png using Guid(581d07985e87d7b4bb06194154289304) Importer(815301076,1909f56bfc062723c751e8b465ee728b)  -> (artifact id: '13622e523cae0de3e04982c09d002ad5') in 0.020532 seconds 
Number of asset objects unloaded after import = 3
========================================================================
Received Import Request.
  Time since last request: 0.000017 seconds.
  path: Assets/UI/遊戲icon底圖.png
  artifactKey: Guid(78db0c8d6182fae4fa7c31a0e01a9f15) Importer(815301076,1909f56bfc062723c751e8b465ee728b)
Number of updated assets reloaded before import = 0
Start importing Assets/UI/遊戲icon底圖.png using Guid(78db0c8d6182fae4fa7c31a0e01a9f15) Importer(815301076,1909f56bfc062723c751e8b465ee728b)  -> (artifact id: '0fb91e4c73b2296a818eecc747870c1a') in 0.028631 seconds 
Number of asset objects unloaded after import = 3
========================================================================
Received Import Request.
  Time since last request: 0.000017 seconds.
  path: Assets/UI/說明_點選.png
  artifactKey: Guid(84f0ea3c60cf49f4284507f3bd5b3c9a) Importer(815301076,1909f56bfc062723c751e8b465ee728b)
Number of updated assets reloaded before import = 0
Start importing Assets/UI/說明_點選.png using Guid(84f0ea3c60cf49f4284507f3bd5b3c9a) Importer(815301076,1909f56bfc062723c751e8b465ee728b)  -> (artifact id: 'cd6ea9deee8666e9b001f21864f4e325') in 0.030054 seconds 
Number of asset objects unloaded after import = 3
========================================================================
Received Import Request.
  Time since last request: 0.000042 seconds.
  path: Assets/UI/點選狀態_按鈕.png
  artifactKey: Guid(94b5aba0a8403cf468d7e1016b621a7b) Importer(815301076,1909f56bfc062723c751e8b465ee728b)
Number of updated assets reloaded before import = 0
Start importing Assets/UI/點選狀態_按鈕.png using Guid(94b5aba0a8403cf468d7e1016b621a7b) Importer(815301076,1909f56bfc062723c751e8b465ee728b)  -> (artifact id: 'cb899114719e3c0241d5da4f0a2caaba') in 0.053790 seconds 
Number of asset objects unloaded after import = 3
========================================================================
Received Import Request.
  Time since last request: 0.000180 seconds.
  path: Assets/UI/默認狀態_按鈕.png
  artifactKey: Guid(069a4600cc495f043a03e249234c86bf) Importer(815301076,1909f56bfc062723c751e8b465ee728b)
Number of updated assets reloaded before import = 0
Start importing Assets/UI/默認狀態_按鈕.png using Guid(069a4600cc495f043a03e249234c86bf) Importer(815301076,1909f56bfc062723c751e8b465ee728b)  -> (artifact id: 'a71240b027068c7e40ec74b84b972384') in 0.046624 seconds 
Number of asset objects unloaded after import = 3
========================================================================
Received Import Request.
  Time since last request: 0.000034 seconds.
  path: Assets/UI/說明_默認.png
  artifactKey: Guid(e1f44901fa54eae41851d996b0cd5c5b) Importer(815301076,1909f56bfc062723c751e8b465ee728b)
Number of updated assets reloaded before import = 0
Start importing Assets/UI/說明_默認.png using Guid(e1f44901fa54eae41851d996b0cd5c5b) Importer(815301076,1909f56bfc062723c751e8b465ee728b)  -> (artifact id: 'cd79245e306c4260ba5b54adda323c6c') in 0.030179 seconds 
Number of asset objects unloaded after import = 3
========================================================================
Received Import Request.
  Time since last request: 3.512568 seconds.
  path: Assets/YILING/Dog/AnimatedDog.fbx
  artifactKey: Guid(65098e4efa0128f44943e1f2c88993fb) Importer(815301076,1909f56bfc062723c751e8b465ee728b)
Number of updated assets reloaded before import = 0
Start importing Assets/YILING/Dog/AnimatedDog.fbx using Guid(65098e4efa0128f44943e1f2c88993fb) Importer(815301076,1909f56bfc062723c751e8b465ee728b)  -> (artifact id: '56986e33a6f10a30523916e4d734f8a3') in 0.208540 seconds 
Number of asset objects unloaded after import = 408
Editor requested this worker to shutdown with reason: Scaling down because of idle timeout
AssetImportWorker is now disconnected from the server
Process exiting
Exiting without the bug reporter. Application will terminate with return code 0