Using pre-set license
Built from '2021.3/staging' branch; Version is '2021.3.30f1 (b4360d7cdac4) revision 11810317'; Using compiler version '192829333'; Build Type 'Release'
OS: 'Windows 11  (10.0.22621) 64bit Core' Language: 'zh' Physical Memory: 12170 MB
BatchMode: 1, IsHumanControllingUs: 0, StartBugReporterOnCrash: 0, Is64bit: 1, IsPro: 1

COMMAND LINE ARGUMENTS:
C:\Program Files\Unity\Hub\Editor\Unity 2021.3.30f1\Editor\Unity.exe
-adb2
-batchMode
-noUpm
-name
AssetImportWorker0
-projectPath
D:/stepbystep/NUCE6/NCUE專題
-logFile
Logs/AssetImportWorker0.log
-srvPort
52134
Successfully changed project path to: D:/stepbystep/NUCE6/NCUE專題
D:/stepbystep/NUCE6/NCUE專題
[UnityMemory] Configuration Parameters - Can be set up in boot.config
    "memorysetup-bucket-allocator-granularity=16"
    "memorysetup-bucket-allocator-bucket-count=8"
    "memorysetup-bucket-allocator-block-size=33554432"
    "memorysetup-bucket-allocator-block-count=8"
    "memorysetup-main-allocator-block-size=16777216"
    "memorysetup-thread-allocator-block-size=16777216"
    "memorysetup-gfx-main-allocator-block-size=16777216"
    "memorysetup-gfx-thread-allocator-block-size=16777216"
    "memorysetup-cache-allocator-block-size=4194304"
    "memorysetup-typetree-allocator-block-size=2097152"
    "memorysetup-profiler-bucket-allocator-granularity=16"
    "memorysetup-profiler-bucket-allocator-bucket-count=8"
    "memorysetup-profiler-bucket-allocator-block-size=33554432"
    "memorysetup-profiler-bucket-allocator-block-count=8"
    "memorysetup-profiler-allocator-block-size=16777216"
    "memorysetup-profiler-editor-allocator-block-size=1048576"
    "memorysetup-temp-allocator-size-main=16777216"
    "memorysetup-job-temp-allocator-block-size=2097152"
    "memorysetup-job-temp-allocator-block-size-background=1048576"
    "memorysetup-job-temp-allocator-reduction-small-platforms=262144"
    "memorysetup-temp-allocator-size-background-worker=32768"
    "memorysetup-temp-allocator-size-job-worker=262144"
    "memorysetup-temp-allocator-size-preload-manager=33554432"
    "memorysetup-temp-allocator-size-nav-mesh-worker=65536"
    "memorysetup-temp-allocator-size-audio-worker=65536"
    "memorysetup-temp-allocator-size-cloud-worker=32768"
    "memorysetup-temp-allocator-size-gi-baking-worker=262144"
    "memorysetup-temp-allocator-size-gfx=262144"
Player connection [17808] Host "[IP] 192.168.255.34 [Port] 0 [Flags] 2 [Guid] 184307944 [EditorId] 184307944 [Version] 1048832 [Id] WindowsEditor(7,tsenghome) [Debug] 1 [PackageName] WindowsEditor [ProjectName] Editor" joined multi-casting on [225.0.0.222:54997]...

Player connection [17808] Host "[IP] 192.168.255.34 [Port] 0 [Flags] 2 [Guid] 184307944 [EditorId] 184307944 [Version] 1048832 [Id] WindowsEditor(7,tsenghome) [Debug] 1 [PackageName] WindowsEditor [ProjectName] Editor" joined alternative multi-casting on [225.0.0.222:34997]...

[Physics::Module] Initialized MultithreadedJobDispatcher with {0} workers.
Refreshing native plugins compatible for Editor in 158.63 ms, found 17 plugins.
Preloading 0 native plugins for Editor in 0.00 ms.
Initialize engine version: 2021.3.30f1 (b4360d7cdac4)
[Subsystems] Discovering subsystems at path C:/Program Files/Unity/Hub/Editor/Unity 2021.3.30f1/Editor/Data/Resources/UnitySubsystems
[Subsystems] Discovering subsystems at path D:/stepbystep/NUCE6/NCUE專題/Assets
GfxDevice: creating device client; threaded=0; jobified=0
Direct3D:
    Version:  Direct3D 11.0 [level 11.1]
    Renderer: NVIDIA GeForce MX150 (ID=0x1d10)
    Vendor:   NVIDIA
    VRAM:     1983 MB
    Driver:   30.0.15.1169
Initialize mono
Mono path[0] = 'C:/Program Files/Unity/Hub/Editor/Unity 2021.3.30f1/Editor/Data/Managed'
Mono path[1] = 'C:/Program Files/Unity/Hub/Editor/Unity 2021.3.30f1/Editor/Data/MonoBleedingEdge/lib/mono/unityjit-win32'
Mono config path = 'C:/Program Files/Unity/Hub/Editor/Unity 2021.3.30f1/Editor/Data/MonoBleedingEdge/etc'
Using monoOptions --debugger-agent=transport=dt_socket,embedding=1,server=y,suspend=n,address=127.0.0.1:56904
Begin MonoManager ReloadAssembly
Registering precompiled unity dll's ...
Register platform support module: C:/Program Files/Unity/Hub/Editor/Unity 2021.3.30f1/Editor/Data/PlaybackEngines/AndroidPlayer/UnityEditor.Android.Extensions.dll
Register platform support module: C:/Program Files/Unity/Hub/Editor/Unity 2021.3.30f1/Editor/Data/PlaybackEngines/WindowsStandaloneSupport/UnityEditor.WindowsStandalone.Extensions.dll
Registered in 0.013369 seconds.
Native extension for WindowsStandalone target not found
Native extension for Android target not found
Refreshing native plugins compatible for Editor in 74.48 ms, found 17 plugins.
Preloading 0 native plugins for Editor in 0.00 ms.
Mono: successfully reloaded assembly
- Completed reload, in  0.971 seconds
Domain Reload Profiling:
	ReloadAssembly (972ms)
		BeginReloadAssembly (145ms)
			ExecutionOrderSort (0ms)
			DisableScriptedObjects (0ms)
			BackupInstance (0ms)
			ReleaseScriptingObjects (0ms)
			CreateAndSetChildDomain (1ms)
		EndReloadAssembly (680ms)
			LoadAssemblies (141ms)
			RebuildTransferFunctionScriptingTraits (0ms)
			SetupTypeCache (185ms)
			ReleaseScriptCaches (0ms)
			RebuildScriptCaches (36ms)
			SetupLoadedEditorAssemblies (397ms)
				LogAssemblyErrors (0ms)
				InitializePlatformSupportModulesInManaged (133ms)
				SetLoadedEditorAssemblies (1ms)
				RefreshPlugins (75ms)
				BeforeProcessingInitializeOnLoad (2ms)
				ProcessInitializeOnLoadAttributes (116ms)
				ProcessInitializeOnLoadMethodAttributes (71ms)
				AfterProcessingInitializeOnLoad (0ms)
				EditorAssembliesLoaded (0ms)
			ExecutionOrderSort2 (0ms)
			AwakeInstancesAfterBackupRestoration (0ms)
Platform modules already initialized, skipping
Registering precompiled user dll's ...
Registered in 0.036414 seconds.
Begin MonoManager ReloadAssembly
Symbol file LoadedFromMemory is not a mono symbol file
Symbol file LoadedFromMemory is not a mono symbol file
Symbol file LoadedFromMemory is not a mono symbol file
Native extension for WindowsStandalone target not found
Native extension for Android target not found
Refreshing native plugins compatible for Editor in 2.38 ms, found 17 plugins.
Preloading 0 native plugins for Editor in 0.00 ms.
System.IO.IOException: Sharing violation on path D:\stepbystep\NUCE6\NCUE專題\ProjectSettings\GvhProjectSettings.xml
  at System.IO.FileStream..ctor (System.String path, System.IO.FileMode mode, System.IO.FileAccess access, System.IO.FileShare share, System.Int32 bufferSize, System.Boolean anonymous, System.IO.FileOptions options) [0x0019e] in <9d9536d9127f4a489d989c7a566aee1c>:0 
  at System.IO.FileStream..ctor (System.String path, System.IO.FileMode mode, System.IO.FileAccess access, System.IO.FileShare share, System.Int32 bufferSize, System.IO.FileOptions options) [0x00000] in <9d9536d9127f4a489d989c7a566aee1c>:0 
  at (wrapper remoting-invoke-with-check) System.IO.FileStream..ctor(string,System.IO.FileMode,System.IO.FileAccess,System.IO.FileShare,int,System.IO.FileOptions)
  at System.IO.StreamReader..ctor (System.String path, System.Text.Encoding encoding, System.Boolean detectEncodingFromByteOrderMarks, System.Int32 bufferSize) [0x00055] in <9d9536d9127f4a489d989c7a566aee1c>:0 
  at System.IO.StreamReader..ctor (System.String path, System.Boolean detectEncodingFromByteOrderMarks) [0x00007] in <9d9536d9127f4a489d989c7a566aee1c>:0 
  at System.IO.StreamReader..ctor (System.String path) [0x00000] in <9d9536d9127f4a489d989c7a566aee1c>:0 
  at (wrapper remoting-invoke-with-check) System.IO.StreamReader..ctor(string)
  at Google.XmlUtilities.ParseXmlTextFileElements (System.String filename, Google.Logger logger, Google.XmlUtilities+ParseElement parseElement) [0x0000f] in /Users/chkuang/Workspace/git/unity-jar-resolver/source/VersionHandlerImpl/src/XmlUtilities.cs:104 
  at Google.ProjectSettings.Load () [0x00012] in /Users/chkuang/Workspace/git/unity-jar-resolver/source/VersionHandlerImpl/src/ProjectSettings.cs:777 
  at Google.ProjectSettings.LoadIfEmpty () [0x0001b] in /Users/chkuang/Workspace/git/unity-jar-resolver/source/VersionHandlerImpl/src/ProjectSettings.cs:558 
  at Google.ProjectSettings.GetBool (System.String name, System.Boolean defaultValue, Google.SettingsLocation location) [0x0002b] in /Users/chkuang/Workspace/git/unity-jar-resolver/source/VersionHandlerImpl/src/ProjectSettings.cs:606 
  at Google.ProjectSettings.GetBool (System.String name, System.Boolean defaultValue) [0x00000] in /Users/chkuang/Workspace/git/unity-jar-resolver/source/VersionHandlerImpl/src/ProjectSettings.cs:619 
  at Google.IOSResolver.get_VerboseLoggingEnabled () [0x00000] in /Users/chkuang/Workspace/git/unity-jar-resolver/source/IOSResolver/src/IOSResolver.cs:1039 
  at Google.IOSResolver..cctor () [0x0021d] in /Users/chkuang/Workspace/git/unity-jar-resolver/source/IOSResolver/src/IOSResolver.cs:727 
UnityEngine.StackTraceUtility:ExtractStackTrace ()
UnityEngine.DebugLogHandler:LogFormat (UnityEngine.LogType,UnityEngine.Object,string,object[])
UnityEngine.Logger:Log (UnityEngine.LogType,object)
UnityEngine.Debug:LogError (object)
UnityEditor.EditorAssemblies:ProcessInitializeOnLoadAttributes (System.Type[])

System.IO.IOException: Sharing violation on path D:\stepbystep\NUCE6\NCUE專題\ProjectSettings\GvhProjectSettings.xml
  at System.IO.FileStream..ctor (System.String path, System.IO.FileMode mode, System.IO.FileAccess access, System.IO.FileShare share, System.Int32 bufferSize, System.Boolean anonymous, System.IO.FileOptions options) [0x0019e] in <9d9536d9127f4a489d989c7a566aee1c>:0 
  at System.IO.FileStream..ctor (System.String path, System.IO.FileMode mode, System.IO.FileAccess access, System.IO.FileShare share, System.Int32 bufferSize, System.IO.FileOptions options) [0x00000] in <9d9536d9127f4a489d989c7a566aee1c>:0 
  at (wrapper remoting-invoke-with-check) System.IO.FileStream..ctor(string,System.IO.FileMode,System.IO.FileAccess,System.IO.FileShare,int,System.IO.FileOptions)
  at System.IO.StreamReader..ctor (System.String path, System.Text.Encoding encoding, System.Boolean detectEncodingFromByteOrderMarks, System.Int32 bufferSize) [0x00055] in <9d9536d9127f4a489d989c7a566aee1c>:0 
  at System.IO.StreamReader..ctor (System.String path, System.Boolean detectEncodingFromByteOrderMarks) [0x00007] in <9d9536d9127f4a489d989c7a566aee1c>:0 
  at System.IO.StreamReader..ctor (System.String path) [0x00000] in <9d9536d9127f4a489d989c7a566aee1c>:0 
  at (wrapper remoting-invoke-with-check) System.IO.StreamReader..ctor(string)
  at Google.XmlUtilities.ParseXmlTextFileElements (System.String filename, Google.Logger logger, Google.XmlUtilities+ParseElement parseElement) [0x0000f] in /Users/chkuang/Workspace/git/unity-jar-resolver/source/VersionHandlerImpl/src/XmlUtilities.cs:104 
  at Google.ProjectSettings.Load () [0x00012] in /Users/chkuang/Workspace/git/unity-jar-resolver/source/VersionHandlerImpl/src/ProjectSettings.cs:777 
  at Google.ProjectSettings.LoadIfEmpty () [0x0001b] in /Users/chkuang/Workspace/git/unity-jar-resolver/source/VersionHandlerImpl/src/ProjectSettings.cs:558 
  at Google.ProjectSettings.GetBool (System.String name, System.Boolean defaultValue, Google.SettingsLocation location) [0x0002b] in /Users/chkuang/Workspace/git/unity-jar-resolver/source/VersionHandlerImpl/src/ProjectSettings.cs:606 
  at Google.ProjectSettings.GetBool (System.String name, System.Boolean defaultValue) [0x00000] in /Users/chkuang/Workspace/git/unity-jar-resolver/source/VersionHandlerImpl/src/ProjectSettings.cs:619 
  at Google.IOSResolver.get_VerboseLoggingEnabled () [0x00000] in /Users/chkuang/Workspace/git/unity-jar-resolver/source/IOSResolver/src/IOSResolver.cs:1039 
  at Google.IOSResolver..cctor () [0x0021d] in /Users/chkuang/Workspace/git/unity-jar-resolver/source/IOSResolver/src/IOSResolver.cs:727 
UnityEngine.StackTraceUtility:ExtractStackTrace ()
UnityEngine.DebugLogHandler:LogFormat (UnityEngine.LogType,UnityEngine.Object,string,object[])
UnityEngine.Logger:Log (UnityEngine.LogType,object)
UnityEngine.Debug:LogError (object)
UnityEditor.EditorAssemblies:ProcessInitializeOnLoadAttributes (System.Type[])

Package Manager log level set to [2]
[Package Manager] Server::EnsureServerProcessIsRunning -- launch failed, reason: Unity was launched with the -noUpm command-line argument
[Package Manager] Cannot connect to Unity Package Manager local server
Mono: successfully reloaded assembly
- Completed reload, in  2.160 seconds
Domain Reload Profiling:
	ReloadAssembly (2161ms)
		BeginReloadAssembly (176ms)
			ExecutionOrderSort (0ms)
			DisableScriptedObjects (8ms)
			BackupInstance (0ms)
			ReleaseScriptingObjects (0ms)
			CreateAndSetChildDomain (26ms)
		EndReloadAssembly (1809ms)
			LoadAssemblies (150ms)
			RebuildTransferFunctionScriptingTraits (0ms)
			SetupTypeCache (310ms)
			ReleaseScriptCaches (1ms)
			RebuildScriptCaches (103ms)
			SetupLoadedEditorAssemblies (1165ms)
				LogAssemblyErrors (0ms)
				InitializePlatformSupportModulesInManaged (27ms)
				SetLoadedEditorAssemblies (1ms)
				RefreshPlugins (3ms)
				BeforeProcessingInitializeOnLoad (93ms)
				ProcessInitializeOnLoadAttributes (990ms)
				ProcessInitializeOnLoadMethodAttributes (39ms)
				AfterProcessingInitializeOnLoad (13ms)
				EditorAssembliesLoaded (0ms)
			ExecutionOrderSort2 (0ms)
			AwakeInstancesAfterBackupRestoration (12ms)
Platform modules already initialized, skipping
========================================================================
Worker process is ready to serve import requests
Launched and connected shader compiler UnityShaderCompiler.exe after 0.08 seconds
Refreshing native plugins compatible for Editor in 3.95 ms, found 17 plugins.
Preloading 0 native plugins for Editor in 0.00 ms.
Unloading 3191 Unused Serialized files (Serialized files now loaded: 0)
Unloading 311 unused Assets / (64.9 KB). Loaded Objects now: 3420.
Memory consumption went from 213.6 MB to 213.5 MB.
Total: 3.695400 ms (FindLiveObjects: 0.284300 ms CreateObjectMapping: 0.222100 ms MarkObjects: 3.037900 ms  DeleteObjects: 0.149800 ms)

AssetImportParameters requested are different than current active one (requested -> active):
  custom:video-decoder-ogg-theora: a1e56fd34408186e4bbccfd4996cb3dc -> 
  custom:container-muxer-webm: aa71ff27fc2769a1b78a27578f13a17b -> 
  custom:container-demuxer-webm: 4f35f7cbe854078d1ac9338744f61a02 -> 
  custom:video-encoder-webm-vp8: eb34c28f22e8b96e1ab97ce403110664 -> 
  custom:CustomObjectIndexerAttribute: bc11b3a6c3213fcdd17b65e7da85e133 -> 
  custom:audio-encoder-webm-vorbis: bf7c407c2cedff20999df2af8eb42d56 -> 
  custom:framework-win-MediaFoundation: 216162199b28c13a410421893ffa2e32 -> 
  custom:SearchIndexIgnoredProperties: e643bd26f0fe6173181afceb89e7c659 -> 
  custom:container-demuxer-ogg: 62fdf1f143b41e24485cea50d1cbac27 -> 
  custom:video-decoder-webm-vp8: 9c59270c3fd7afecdb556c50c9e8de78 -> 
  custom:audio-decoder-ogg-vorbis: bf7c407c2cedff20999df2af8eb42d56 -> 
========================================================================
Received Import Request.
  Time since last request: 1048539.081685 seconds.
  path: Assets/YUYING/scene/1_Home 1.unity
  artifactKey: Guid(a9410280449a30f4fab2310e8324c0db) Importer(815301076,1909f56bfc062723c751e8b465ee728b)
Number of updated assets reloaded before import = 0
Start importing Assets/YUYING/scene/1_Home 1.unity using Guid(a9410280449a30f4fab2310e8324c0db) Importer(815301076,1909f56bfc062723c751e8b465ee728b)  -> (artifact id: '6c71c38758c02ec3ac6bce0b49b9d801') in 0.011367 seconds 
Number of asset objects unloaded after import = 0
========================================================================
Received Import Request.
  Time since last request: 69.007755 seconds.
  path: Assets/YUYING/Attraction Image/now/0_彰化藝術館.jpg
  artifactKey: Guid(e1322725a52a32748b6c6ac3ebe86ea3) Importer(815301076,1909f56bfc062723c751e8b465ee728b)
Number of updated assets reloaded before import = 0
Start importing Assets/YUYING/Attraction Image/now/0_彰化藝術館.jpg using Guid(e1322725a52a32748b6c6ac3ebe86ea3) Importer(815301076,1909f56bfc062723c751e8b465ee728b)  -> (artifact id: '6fe5358d923029483b3d1d0c49a46c9c') in 0.586889 seconds 
Number of asset objects unloaded after import = 3
========================================================================
Received Import Request.
  Time since last request: 0.000033 seconds.
  path: Assets/YUYING/Attraction Image/past/0_彰化藝術館_過去.png
  artifactKey: Guid(e2c9eafe5fb6a5d42876ac5ce77353bc) Importer(815301076,1909f56bfc062723c751e8b465ee728b)
Number of updated assets reloaded before import = 0
Start importing Assets/YUYING/Attraction Image/past/0_彰化藝術館_過去.png using Guid(e2c9eafe5fb6a5d42876ac5ce77353bc) Importer(815301076,1909f56bfc062723c751e8b465ee728b)  -> (artifact id: '5bd18ba6e7c7aa811e83bee77114c6ec') in 0.263913 seconds 
Number of asset objects unloaded after import = 3
========================================================================
Received Import Request.
  Time since last request: 6.959827 seconds.
  path: Assets/YICHIUN/Model/1_feather_bc.png
  artifactKey: Guid(aeddbc1d6fd851b44a6275223f900645) Importer(815301076,1909f56bfc062723c751e8b465ee728b)
Number of updated assets reloaded before import = 0
Start importing Assets/YICHIUN/Model/1_feather_bc.png using Guid(aeddbc1d6fd851b44a6275223f900645) Importer(815301076,1909f56bfc062723c751e8b465ee728b)  -> (artifact id: '9c8c9d287a4ac08714de5b81af5f0a1e') in 0.038958 seconds 
Number of asset objects unloaded after import = 2
========================================================================
Received Import Request.
  Time since last request: 3.591534 seconds.
  path: Assets/YICHIUN/Mapbox/Resources/Mapbox/PrefabList.asset
  artifactKey: Guid(8d2ff5cb743b345f4a7ff8b3cdc69f27) Importer(815301076,1909f56bfc062723c751e8b465ee728b)
Number of updated assets reloaded before import = 0
Start importing Assets/YICHIUN/Mapbox/Resources/Mapbox/PrefabList.asset using Guid(8d2ff5cb743b345f4a7ff8b3cdc69f27) Importer(815301076,1909f56bfc062723c751e8b465ee728b)  -> (artifact id: 'f684fa0dbb1067db9a351eba6f798365') in 0.013383 seconds 
Number of asset objects unloaded after import = 7
========================================================================
Received Import Request.
  Time since last request: 2.279872 seconds.
  path: Assets/YICHIUN/Mapbox/Examples/_sharedModules/ChamferHeightModifier.asset
  artifactKey: Guid(4dbdd9c4bb7ba4d41ac1b710cf40de49) Importer(815301076,1909f56bfc062723c751e8b465ee728b)
Number of updated assets reloaded before import = 0
Start importing Assets/YICHIUN/Mapbox/Examples/_sharedModules/ChamferHeightModifier.asset using Guid(4dbdd9c4bb7ba4d41ac1b710cf40de49) Importer(815301076,1909f56bfc062723c751e8b465ee728b)  -> (artifact id: '652b96db7f1dfb38a9c06e52b1734f4d') in 0.002299 seconds 
Number of asset objects unloaded after import = 1
========================================================================
Received Import Request.
  Time since last request: 0.000024 seconds.
  path: Assets/FacebookSDK/Examples/Windows/PurchaseButton.prefab
  artifactKey: Guid(48ecc8417590fd543b994fb05d0e5c9d) Importer(815301076,1909f56bfc062723c751e8b465ee728b)
Number of updated assets reloaded before import = 0
Start importing Assets/FacebookSDK/Examples/Windows/PurchaseButton.prefab using Guid(48ecc8417590fd543b994fb05d0e5c9d) Importer(815301076,1909f56bfc062723c751e8b465ee728b)  -> (artifact id: '701fda90e9ecaf4e1c264a6f91321322') in 0.027881 seconds 
Number of asset objects unloaded after import = 15
========================================================================
Received Import Request.
  Time since last request: 35.633840 seconds.
  path: Assets/YILING/Scenes_ui/1_Home.unity
  artifactKey: Guid(0559d24e96bc3f54792a6a4900191c66) Importer(815301076,1909f56bfc062723c751e8b465ee728b)
Number of updated assets reloaded before import = 0
Start importing Assets/YILING/Scenes_ui/1_Home.unity using Guid(0559d24e96bc3f54792a6a4900191c66) Importer(815301076,1909f56bfc062723c751e8b465ee728b)  -> (artifact id: 'a73cc04c264c459c812a4693d21aba6e') in 0.001486 seconds 
Number of asset objects unloaded after import = 0
========================================================================
Received Import Request.
  Time since last request: 108.485094 seconds.
  path: Assets/YILING/Scenes_ui/1_Home.unity
  artifactKey: Guid(0559d24e96bc3f54792a6a4900191c66) Importer(815301076,1909f56bfc062723c751e8b465ee728b)
Number of updated assets reloaded before import = 0
Start importing Assets/YILING/Scenes_ui/1_Home.unity using Guid(0559d24e96bc3f54792a6a4900191c66) Importer(815301076,1909f56bfc062723c751e8b465ee728b)  -> (artifact id: 'cba31f10af3f51a2920013d499264697') in 0.002315 seconds 
Number of asset objects unloaded after import = 0
========================================================================
Received Import Request.
  Time since last request: 2.837091 seconds.
  path: Assets/YILING/Scenes_ui/3_1Leaderboard_animals.unity
  artifactKey: Guid(4ef13b62f2c5a1d48a458e0d4970b617) Importer(815301076,1909f56bfc062723c751e8b465ee728b)
Number of updated assets reloaded before import = 0
Start importing Assets/YILING/Scenes_ui/3_1Leaderboard_animals.unity using Guid(4ef13b62f2c5a1d48a458e0d4970b617) Importer(815301076,1909f56bfc062723c751e8b465ee728b)  -> (artifact id: '1b17e10189f962ca40ca45b6275421ed') in 0.004221 seconds 
Number of asset objects unloaded after import = 0
========================================================================
Received Import Request.
  Time since last request: 17.271480 seconds.
  path: Assets/YICHIUN/Mapbox/Examples/Resources/3DPoiMarker.prefab
  artifactKey: Guid(44828d4325e8b544ca6ffec352cfe165) Importer(815301076,1909f56bfc062723c751e8b465ee728b)
Number of updated assets reloaded before import = 0
Start importing Assets/YICHIUN/Mapbox/Examples/Resources/3DPoiMarker.prefab using Guid(44828d4325e8b544ca6ffec352cfe165) Importer(815301076,1909f56bfc062723c751e8b465ee728b)  -> (artifact id: '7e1390fea9a99d88171ce5eaca3f821c') in 0.078634 seconds 
Number of asset objects unloaded after import = 11
========================================================================
Received Import Request.
  Time since last request: 1.020976 seconds.
  path: Assets/YICHIUN/Mapbox/Prefabs/CitySimulatorMap.prefab
  artifactKey: Guid(5bb46bae81bf04608ac699be504c5e66) Importer(815301076,1909f56bfc062723c751e8b465ee728b)
Number of updated assets reloaded before import = 0
Start importing Assets/YICHIUN/Mapbox/Prefabs/CitySimulatorMap.prefab using Guid(5bb46bae81bf04608ac699be504c5e66) Importer(815301076,1909f56bfc062723c751e8b465ee728b)  -> (artifact id: '962d29e740da135f30e3518a383da949') in 0.007706 seconds 
Number of asset objects unloaded after import = 5
========================================================================
Received Import Request.
  Time since last request: 49.476645 seconds.
  path: Assets/YILING/Scripts/MainScene.cs
  artifactKey: Guid(1f37ef139f54a5f4988a0c70047cdf83) Importer(815301076,1909f56bfc062723c751e8b465ee728b)
Number of updated assets reloaded before import = 0
Start importing Assets/YILING/Scripts/MainScene.cs using Guid(1f37ef139f54a5f4988a0c70047cdf83) Importer(815301076,1909f56bfc062723c751e8b465ee728b)  -> (artifact id: '4e46d92fbf62464a9a8812d58b7e3b22') in 0.029677 seconds 
Number of asset objects unloaded after import = 0
========================================================================
Received Import Request.
  Time since last request: 5.809172 seconds.
  path: Assets/YILING/Scripts/FirebaseManager.cs
  artifactKey: Guid(fe9ace9c3f5b63847b0d1b2539bb1b3d) Importer(815301076,1909f56bfc062723c751e8b465ee728b)
Number of updated assets reloaded before import = 0
Start importing Assets/YILING/Scripts/FirebaseManager.cs using Guid(fe9ace9c3f5b63847b0d1b2539bb1b3d) Importer(815301076,1909f56bfc062723c751e8b465ee728b)  -> (artifact id: '6b0728581964bba46b817bc0303e5e21') in 0.002669 seconds 
Number of asset objects unloaded after import = 0
========================================================================
Received Import Request.
  Time since last request: 9.518372 seconds.
  path: Assets/YILING/Scrpit_ui/Manager.cs
  artifactKey: Guid(3305d109d9126f741b8e807b5c6d9b6a) Importer(815301076,1909f56bfc062723c751e8b465ee728b)
Number of updated assets reloaded before import = 0
Start importing Assets/YILING/Scrpit_ui/Manager.cs using Guid(3305d109d9126f741b8e807b5c6d9b6a) Importer(815301076,1909f56bfc062723c751e8b465ee728b)  -> (artifact id: '81f5a73c71bb02d0ba8326383dd88a1e') in 0.001733 seconds 
Number of asset objects unloaded after import = 0
========================================================================
Received Import Request.
  Time since last request: 6.850830 seconds.
  path: Assets/YILING/Scrpit_ui/NewBehaviourScript.cs
  artifactKey: Guid(712bcdc63da277d499399fdba615d11e) Importer(815301076,1909f56bfc062723c751e8b465ee728b)
Number of updated assets reloaded before import = 0
Start importing Assets/YILING/Scrpit_ui/NewBehaviourScript.cs using Guid(712bcdc63da277d499399fdba615d11e) Importer(815301076,1909f56bfc062723c751e8b465ee728b)  -> (artifact id: 'd0f90bf94f5ed2d4f039788d2fde1b25') in 0.002077 seconds 
Number of asset objects unloaded after import = 0
========================================================================
Received Import Request.
  Time since last request: 140.139431 seconds.
  path: Assets/YILING/Scrpit_ui/buttonmanger.cs
  artifactKey: Guid(d8aa6fa3c1a324e4390be43f1a838533) Importer(815301076,1909f56bfc062723c751e8b465ee728b)
Number of updated assets reloaded before import = 0
Start importing Assets/YILING/Scrpit_ui/buttonmanger.cs using Guid(d8aa6fa3c1a324e4390be43f1a838533) Importer(815301076,1909f56bfc062723c751e8b465ee728b)  -> (artifact id: 'cb26ee2546873460e0c56fc57ac04a62') in 0.003075 seconds 
Number of asset objects unloaded after import = 0
========================================================================
Received Import Request.
  Time since last request: 27.405113 seconds.
  path: Assets/YILING/Scrpit_ui/buttonmanger.cs
  artifactKey: Guid(d8aa6fa3c1a324e4390be43f1a838533) Importer(815301076,1909f56bfc062723c751e8b465ee728b)
Number of updated assets reloaded before import = 0
Start importing Assets/YILING/Scrpit_ui/buttonmanger.cs using Guid(d8aa6fa3c1a324e4390be43f1a838533) Importer(815301076,1909f56bfc062723c751e8b465ee728b)  -> (artifact id: 'b917d860780306f1afd3dd55b57dcdf2') in 0.004449 seconds 
Number of asset objects unloaded after import = 0
========================================================================
Received Import Request.
  Time since last request: 69.582857 seconds.
  path: Assets/btmanger.cs
  artifactKey: Guid(2182b11146fb81444a23d47b44f985e3) Importer(815301076,1909f56bfc062723c751e8b465ee728b)
Number of updated assets reloaded before import = 0
Start importing Assets/btmanger.cs using Guid(2182b11146fb81444a23d47b44f985e3) Importer(815301076,1909f56bfc062723c751e8b465ee728b)  -> (artifact id: 'ca16b621db27cfd68a86e1f65ffe5818') in 0.002396 seconds 
Number of asset objects unloaded after import = 0
========================================================================
Received Import Request.
  Time since last request: 34.245799 seconds.
  path: Assets/btmanger.cs
  artifactKey: Guid(2182b11146fb81444a23d47b44f985e3) Importer(815301076,1909f56bfc062723c751e8b465ee728b)
Number of updated assets reloaded before import = 0
Start importing Assets/btmanger.cs using Guid(2182b11146fb81444a23d47b44f985e3) Importer(815301076,1909f56bfc062723c751e8b465ee728b)  -> (artifact id: '6fffa5ce744e288ee1c60ed0623d8bb6') in 0.001572 seconds 
Number of asset objects unloaded after import = 0
========================================================================
Received Import Request.
  Time since last request: 32.751595 seconds.
  path: Assets/YICHIUN/Mapbox/Examples/Resources/maki/america-football-15.png
  artifactKey: Guid(0ab7e81663cf1d94e9bd71c89d6f82d3) Importer(815301076,1909f56bfc062723c751e8b465ee728b)
Number of updated assets reloaded before import = 0
Start importing Assets/YICHIUN/Mapbox/Examples/Resources/maki/america-football-15.png using Guid(0ab7e81663cf1d94e9bd71c89d6f82d3) Importer(815301076,1909f56bfc062723c751e8b465ee728b)  -> (artifact id: 'e1ac2a03aff99003fc753212c9fd3a1c') in 0.026228 seconds 
Number of asset objects unloaded after import = 3
========================================================================
Received Import Request.
  Time since last request: 0.064964 seconds.
  path: Assets/TZYU2/ARLocation/LocationPaths/AR Location Path 2.asset
  artifactKey: Guid(b734d741cfce0a74388927a7ff27ec2c) Importer(815301076,1909f56bfc062723c751e8b465ee728b)
Number of updated assets reloaded before import = 0
Start importing Assets/TZYU2/ARLocation/LocationPaths/AR Location Path 2.asset using Guid(b734d741cfce0a74388927a7ff27ec2c) Importer(815301076,1909f56bfc062723c751e8b465ee728b)  -> (artifact id: '3405519b470ef61e343b3010354db626') in 0.003966 seconds 
Number of asset objects unloaded after import = 1
========================================================================
Received Import Request.
  Time since last request: 0.019546 seconds.
  path: Assets/TZYU2/ARLocation/LocationPaths/AR Location Path 4.asset
  artifactKey: Guid(9a66631d69a54445d8b3a98d8ed0d35e) Importer(815301076,1909f56bfc062723c751e8b465ee728b)
Number of updated assets reloaded before import = 0
Start importing Assets/TZYU2/ARLocation/LocationPaths/AR Location Path 4.asset using Guid(9a66631d69a54445d8b3a98d8ed0d35e) Importer(815301076,1909f56bfc062723c751e8b465ee728b)  -> (artifact id: '870a007444d5b2f95aa2350bfff140c5') in 0.005645 seconds 
Number of asset objects unloaded after import = 1
========================================================================
Received Import Request.
  Time since last request: 0.000026 seconds.
  path: Assets/TZYU2/ARLocation/LocationPaths/AR Location Path 7.asset
  artifactKey: Guid(40656e04324564609a3ab0b5bd09e72b) Importer(815301076,1909f56bfc062723c751e8b465ee728b)
Number of updated assets reloaded before import = 0
Start importing Assets/TZYU2/ARLocation/LocationPaths/AR Location Path 7.asset using Guid(40656e04324564609a3ab0b5bd09e72b) Importer(815301076,1909f56bfc062723c751e8b465ee728b)  -> (artifact id: '963ad5c19fe06f72a76548b336937607') in 0.003325 seconds 
Number of asset objects unloaded after import = 1
========================================================================
Received Import Request.
  Time since last request: 0.000022 seconds.
  path: Assets/TZYU2/ARLocation/LocationPaths/AR Location Path 6.asset
  artifactKey: Guid(6dcfb0cd3832735449491a8eef769613) Importer(815301076,1909f56bfc062723c751e8b465ee728b)
Number of updated assets reloaded before import = 0
Start importing Assets/TZYU2/ARLocation/LocationPaths/AR Location Path 6.asset using Guid(6dcfb0cd3832735449491a8eef769613) Importer(815301076,1909f56bfc062723c751e8b465ee728b)  -> (artifact id: '41968fdf0705cb4edc6aac650d711eaf') in 0.006476 seconds 
Number of asset objects unloaded after import = 1
========================================================================
Received Import Request.
  Time since last request: 3.499286 seconds.
  path: Assets/TZYU2/ARLocation/Prefabs/Sample Assets/ARLocationDevCamera.prefab
  artifactKey: Guid(00a30469732339a4695a4b58d5f153ba) Importer(815301076,1909f56bfc062723c751e8b465ee728b)
Number of updated assets reloaded before import = 0
Start importing Assets/TZYU2/ARLocation/Prefabs/Sample Assets/ARLocationDevCamera.prefab using Guid(00a30469732339a4695a4b58d5f153ba) Importer(815301076,1909f56bfc062723c751e8b465ee728b)  -> (artifact id: 'af5e6512c664a5403263922e7122155e') in 0.006578 seconds 
Number of asset objects unloaded after import = 7
========================================================================
Received Import Request.
  Time since last request: 0.000030 seconds.
  path: Assets/TZYU2/ARLocation/Meshes/fighter_plane.fbx
  artifactKey: Guid(6c83746b298a67d4bbbcc0b50936e768) Importer(815301076,1909f56bfc062723c751e8b465ee728b)
Number of updated assets reloaded before import = 0
Start importing Assets/TZYU2/ARLocation/Meshes/fighter_plane.fbx using Guid(6c83746b298a67d4bbbcc0b50936e768) Importer(815301076,1909f56bfc062723c751e8b465ee728b)  -> (artifact id: '237dc77b969e477bb9c96394a07c7a33') in 0.401069 seconds 
Number of asset objects unloaded after import = 107
Editor requested this worker to shutdown with reason: Scaling down because of idle timeout
AssetImportWorker is now disconnected from the server
Process exiting
Exiting without the bug reporter. Application will terminate with return code 0